<?xml version="1.0" encoding="UTF-8"?>
<coverage generated="1568859677502" clover="3.2.0">
  <project timestamp="1568859677502" name="All files">
    <metrics statements="296" coveredstatements="264" conditionals="94" coveredconditionals="61" methods="58" coveredmethods="44" elements="448" coveredelements="369" complexity="0" loc="296" ncloc="296" packages="1" files="6" classes="6"/>
    <file name="AppStore.ts" path="C:\workspace\event-flux\packages\event-flux\src\AppStore.ts">
      <metrics statements="138" coveredstatements="124" conditionals="52" coveredconditionals="34" methods="15" coveredmethods="13"/>
      <line num="1" count="1" type="stmt"/>
      <line num="2" count="1" type="stmt"/>
      <line num="4" count="1" type="stmt"/>
      <line num="5" count="1" type="stmt"/>
      <line num="6" count="1" type="stmt"/>
      <line num="8" count="1" type="stmt"/>
      <line num="9" count="5" type="stmt"/>
      <line num="10" count="5" type="stmt"/>
      <line num="13" count="5" type="stmt"/>
      <line num="14" count="5" type="stmt"/>
      <line num="15" count="5" type="stmt"/>
      <line num="17" count="5" type="stmt"/>
      <line num="18" count="5" type="stmt"/>
      <line num="22" count="5" type="stmt"/>
      <line num="23" count="5" type="stmt"/>
      <line num="29" count="5" type="stmt"/>
      <line num="36" count="1" type="stmt"/>
      <line num="37" count="6" type="cond" truecount="2" falsecount="0"/>
      <line num="38" count="2" type="stmt"/>
      <line num="40" count="4" type="stmt"/>
      <line num="41" count="4" type="stmt"/>
      <line num="45" count="3" type="stmt"/>
      <line num="46" count="3" type="cond" truecount="2" falsecount="0"/>
      <line num="47" count="3" type="stmt"/>
      <line num="48" count="3" type="stmt"/>
      <line num="51" count="1" type="stmt"/>
      <line num="54" count="1" type="stmt"/>
      <line num="55" count="1" type="stmt"/>
      <line num="58" count="1" type="stmt"/>
      <line num="59" count="4" type="stmt"/>
      <line num="60" count="4" type="stmt"/>
      <line num="62" count="4" type="stmt"/>
      <line num="63" count="4" type="stmt"/>
      <line num="66" count="1" type="stmt"/>
      <line num="67" count="0" type="stmt"/>
      <line num="68" count="0" type="stmt"/>
      <line num="69" count="0" type="stmt"/>
      <line num="70" count="0" type="stmt"/>
      <line num="71" count="0" type="cond" truecount="0" falsecount="2"/>
      <line num="72" count="0" type="stmt"/>
      <line num="75" count="0" type="stmt"/>
      <line num="78" count="1" type="stmt"/>
      <line num="79" count="2" type="cond" truecount="3" falsecount="1"/>
      <line num="80" count="2" type="stmt"/>
      <line num="81" count="0" type="stmt"/>
      <line num="82" count="0" type="cond" truecount="0" falsecount="4"/>
      <line num="83" count="0" type="stmt"/>
      <line num="87" count="2" type="stmt"/>
      <line num="94" count="22" type="stmt"/>
      <line num="95" count="8" type="stmt"/>
      <line num="96" count="8" type="stmt"/>
      <line num="97" count="8" type="stmt"/>
      <line num="99" count="8" type="stmt"/>
      <line num="100" count="8" type="cond" truecount="1" falsecount="1"/>
      <line num="101" count="8" type="stmt"/>
      <line num="103" count="0" type="stmt"/>
      <line num="113" count="1" type="stmt"/>
      <line num="114" count="5" type="stmt"/>
      <line num="115" count="5" type="cond" truecount="2" falsecount="0"/>
      <line num="117" count="3" type="stmt"/>
      <line num="118" count="3" type="stmt"/>
      <line num="119" count="6" type="stmt"/>
      <line num="121" count="6" type="stmt"/>
      <line num="122" count="6" type="cond" truecount="1" falsecount="1"/>
      <line num="123" count="0" type="stmt"/>
      <line num="124" count="0" type="stmt"/>
      <line num="126" count="6" type="cond" truecount="1" falsecount="1"/>
      <line num="128" count="6" type="stmt"/>
      <line num="129" count="8" type="stmt"/>
      <line num="132" count="8" type="cond" truecount="2" falsecount="0"/>
      <line num="133" count="2" type="stmt"/>
      <line num="134" count="2" type="stmt"/>
      <line num="136" count="6" type="stmt"/>
      <line num="140" count="6" type="cond" truecount="2" falsecount="0"/>
      <line num="142" count="1" type="stmt"/>
      <line num="143" count="5" type="cond" truecount="2" falsecount="0"/>
      <line num="144" count="3" type="stmt"/>
      <line num="148" count="6" type="stmt"/>
      <line num="152" count="3" type="stmt"/>
      <line num="153" count="6" type="stmt"/>
      <line num="154" count="6" type="stmt"/>
      <line num="155" count="6" type="stmt"/>
      <line num="156" count="6" type="stmt"/>
      <line num="157" count="6" type="stmt"/>
      <line num="161" count="3" type="stmt"/>
      <line num="162" count="6" type="stmt"/>
      <line num="163" count="6" type="stmt"/>
      <line num="164" count="6" type="cond" truecount="1" falsecount="1"/>
      <line num="165" count="6" type="stmt"/>
      <line num="166" count="8" type="stmt"/>
      <line num="167" count="8" type="stmt"/>
      <line num="169" count="6" type="stmt"/>
      <line num="173" count="3" type="stmt"/>
      <line num="174" count="6" type="stmt"/>
      <line num="175" count="6" type="stmt"/>
      <line num="179" count="3" type="stmt"/>
      <line num="180" count="6" type="stmt"/>
      <line num="181" count="6" type="stmt"/>
      <line num="184" count="2" type="stmt"/>
      <line num="186" count="5" type="stmt"/>
      <line num="193" count="1" type="stmt"/>
      <line num="194" count="5" type="stmt"/>
      <line num="195" count="5" type="cond" truecount="1" falsecount="1"/>
      <line num="198" count="5" type="cond" truecount="2" falsecount="0"/>
      <line num="199" count="4" type="stmt"/>
      <line num="200" count="4" type="cond" truecount="2" falsecount="0"/>
      <line num="201" count="6" type="stmt"/>
      <line num="202" count="6" type="cond" truecount="2" falsecount="0"/>
      <line num="203" count="1" type="stmt"/>
      <line num="204" count="1" type="stmt"/>
      <line num="211" count="3" type="stmt"/>
      <line num="215" count="3" type="cond" truecount="1" falsecount="1"/>
      <line num="216" count="3" type="stmt"/>
      <line num="219" count="1" type="stmt"/>
      <line num="223" count="1" type="stmt"/>
      <line num="224" count="3" type="cond" truecount="1" falsecount="1"/>
      <line num="225" count="3" type="stmt"/>
      <line num="226" count="3" type="stmt"/>
      <line num="228" count="3" type="stmt"/>
      <line num="229" count="3" type="stmt"/>
      <line num="230" count="6" type="stmt"/>
      <line num="232" count="6" type="stmt"/>
      <line num="234" count="6" type="cond" truecount="1" falsecount="1"/>
      <line num="236" count="6" type="stmt"/>
      <line num="237" count="8" type="stmt"/>
      <line num="238" count="8" type="stmt"/>
      <line num="240" count="8" type="cond" truecount="2" falsecount="0"/>
      <line num="242" count="4" type="stmt"/>
      <line num="244" count="4" type="cond" truecount="2" falsecount="0"/>
      <line num="245" count="3" type="stmt"/>
      <line num="246" count="3" type="stmt"/>
      <line num="248" count="3" type="cond" truecount="1" falsecount="1"/>
      <line num="249" count="3" type="stmt"/>
      <line num="254" count="6" type="stmt"/>
      <line num="257" count="1" type="stmt"/>
      <line num="259" count="1" type="stmt"/>
      <line num="260" count="1" type="stmt"/>
      <line num="261" count="0" type="cond" truecount="0" falsecount="2"/>
    </file>
    <file name="BatchUpdateHost.ts" path="C:\workspace\event-flux\packages\event-flux\src\BatchUpdateHost.ts">
      <metrics statements="13" coveredstatements="12" conditionals="4" coveredconditionals="3" methods="6" coveredmethods="5"/>
      <line num="3" count="2" type="stmt"/>
      <line num="5" count="6" type="stmt"/>
      <line num="8" count="6" type="stmt"/>
      <line num="12" count="6" type="stmt"/>
      <line num="13" count="6" type="cond" truecount="2" falsecount="0"/>
      <line num="14" count="4" type="stmt"/>
      <line num="16" count="4" type="cond" truecount="1" falsecount="1"/>
      <line num="17" count="0" type="stmt"/>
      <line num="19" count="4" type="stmt"/>
      <line num="24" count="2" type="stmt"/>
      <line num="25" count="4" type="stmt"/>
      <line num="26" count="4" type="stmt"/>
      <line num="28" count="2" type="stmt"/>
    </file>
    <file name="RecycleStrategy.ts" path="C:\workspace\event-flux\packages\event-flux\src\RecycleStrategy.ts">
      <metrics statements="4" coveredstatements="4" conditionals="2" coveredconditionals="2" methods="1" coveredmethods="1"/>
      <line num="1" count="1" type="cond" truecount="2" falsecount="0"/>
      <line num="2" count="1" type="stmt"/>
      <line num="3" count="1" type="stmt"/>
      <line num="6" count="1" type="stmt"/>
    </file>
    <file name="StoreBase.ts" path="C:\workspace\event-flux\packages\event-flux\src\StoreBase.ts">
      <metrics statements="64" coveredstatements="60" conditionals="8" coveredconditionals="5" methods="20" coveredmethods="16"/>
      <line num="1" count="4" type="stmt"/>
      <line num="4" count="4" type="stmt"/>
      <line num="6" count="4" type="stmt"/>
      <line num="7" count="12" type="stmt"/>
      <line num="10" count="4" type="stmt"/>
      <line num="11" count="0" type="stmt"/>
      <line num="14" count="4" type="stmt"/>
      <line num="15" count="0" type="stmt"/>
      <line num="18" count="4" type="stmt"/>
      <line num="19" count="14" type="stmt"/>
      <line num="21" count="14" type="stmt"/>
      <line num="22" count="14" type="stmt"/>
      <line num="24" count="14" type="stmt"/>
      <line num="25" count="14" type="stmt"/>
      <line num="27" count="14" type="stmt"/>
      <line num="28" count="14" type="stmt"/>
      <line num="29" count="14" type="stmt"/>
      <line num="31" count="14" type="stmt"/>
      <line num="39" count="14" type="stmt"/>
      <line num="40" count="14" type="stmt"/>
      <line num="47" count="4" type="stmt"/>
      <line num="48" count="6" type="cond" truecount="1" falsecount="1"/>
      <line num="49" count="6" type="stmt"/>
      <line num="50" count="8" type="stmt"/>
      <line num="55" count="4" type="stmt"/>
      <line num="57" count="4" type="stmt"/>
      <line num="65" count="4" type="stmt"/>
      <line num="67" count="9" type="cond" truecount="2" falsecount="0"/>
      <line num="68" count="2" type="stmt"/>
      <line num="69" count="2" type="stmt"/>
      <line num="72" count="7" type="stmt"/>
      <line num="73" count="7" type="stmt"/>
      <line num="74" count="7" type="stmt"/>
      <line num="75" count="7" type="stmt"/>
      <line num="76" count="7" type="cond" truecount="2" falsecount="0"/>
      <line num="77" count="1" type="stmt"/>
      <line num="78" count="2" type="stmt"/>
      <line num="80" count="1" type="stmt"/>
      <line num="82" count="6" type="stmt"/>
      <line num="86" count="7" type="stmt"/>
      <line num="90" count="8" type="stmt"/>
      <line num="91" count="4" type="stmt"/>
      <line num="95" count="8" type="stmt"/>
      <line num="96" count="2" type="stmt"/>
      <line num="100" count="8" type="stmt"/>
      <line num="101" count="3" type="stmt"/>
      <line num="102" count="3" type="stmt"/>
      <line num="105" count="4" type="stmt"/>
      <line num="106" count="1" type="stmt"/>
      <line num="109" count="4" type="stmt"/>
      <line num="110" count="7" type="stmt"/>
      <line num="111" count="7" type="stmt"/>
      <line num="114" count="4" type="stmt"/>
      <line num="115" count="0" type="stmt"/>
      <line num="119" count="4" type="stmt"/>
      <line num="120" count="10" type="stmt"/>
      <line num="124" count="4" type="stmt"/>
      <line num="125" count="10" type="stmt"/>
      <line num="128" count="4" type="stmt"/>
      <line num="129" count="33" type="stmt"/>
      <line num="131" count="4" type="stmt"/>
      <line num="133" count="4" type="stmt"/>
      <line num="134" count="4" type="stmt"/>
      <line num="135" count="0" type="cond" truecount="0" falsecount="2"/>
    </file>
    <file name="StoreDeclarer.ts" path="C:\workspace\event-flux\packages\event-flux\src\StoreDeclarer.ts">
      <metrics statements="50" coveredstatements="37" conditionals="16" coveredconditionals="8" methods="14" coveredmethods="7"/>
      <line num="9" count="3" type="stmt"/>
      <line num="11" count="22" type="cond" truecount="2" falsecount="0"/>
      <line num="12" count="22" type="cond" truecount="1" falsecount="1"/>
      <line num="13" count="22" type="stmt"/>
      <line num="14" count="22" type="stmt"/>
      <line num="15" count="22" type="cond" truecount="2" falsecount="0"/>
      <line num="16" count="22" type="stmt"/>
      <line num="18" count="22" type="cond" truecount="1" falsecount="1"/>
      <line num="19" count="22" type="stmt"/>
      <line num="21" count="22" type="stmt"/>
      <line num="25" count="22" type="cond" truecount="2" falsecount="0"/>
      <line num="26" count="16" type="stmt"/>
      <line num="28" count="6" type="stmt"/>
      <line num="29" count="6" type="stmt"/>
      <line num="31" count="22" type="stmt"/>
      <line num="45" count="3" type="stmt"/>
      <line num="46" count="3" type="stmt"/>
      <line num="52" count="22" type="stmt"/>
      <line num="53" count="22" type="stmt"/>
      <line num="54" count="22" type="stmt"/>
      <line num="55" count="22" type="stmt"/>
      <line num="58" count="22" type="stmt"/>
      <line num="60" count="3" type="stmt"/>
      <line num="61" count="0" type="cond" truecount="0" falsecount="2"/>
      <line num="63" count="3" type="stmt"/>
      <line num="66" count="22" type="stmt"/>
      <line num="75" count="3" type="stmt"/>
      <line num="77" count="3" type="stmt"/>
      <line num="83" count="0" type="stmt"/>
      <line num="84" count="0" type="stmt"/>
      <line num="85" count="0" type="stmt"/>
      <line num="86" count="0" type="stmt"/>
      <line num="89" count="3" type="stmt"/>
      <line num="91" count="3" type="stmt"/>
      <line num="92" count="0" type="cond" truecount="0" falsecount="2"/>
      <line num="94" count="3" type="stmt"/>
      <line num="97" count="0" type="stmt"/>
      <line num="110" count="3" type="stmt"/>
      <line num="112" count="3" type="stmt"/>
      <line num="118" count="0" type="stmt"/>
      <line num="119" count="0" type="stmt"/>
      <line num="120" count="0" type="stmt"/>
      <line num="121" count="0" type="stmt"/>
      <line num="124" count="3" type="stmt"/>
      <line num="126" count="3" type="stmt"/>
      <line num="127" count="0" type="cond" truecount="0" falsecount="2"/>
      <line num="129" count="3" type="stmt"/>
      <line num="132" count="0" type="stmt"/>
      <line num="136" count="3" type="stmt"/>
      <line num="137" count="3" type="stmt"/>
    </file>
    <file name="searchCycleCollection.ts" path="C:\workspace\event-flux\packages\event-flux\src\searchCycleCollection.ts">
      <metrics statements="27" coveredstatements="27" conditionals="12" coveredconditionals="9" methods="2" coveredmethods="2"/>
      <line num="21" count="86" type="cond" truecount="2" falsecount="0"/>
      <line num="23" count="82" type="stmt"/>
      <line num="24" count="82" type="stmt"/>
      <line num="25" count="82" type="stmt"/>
      <line num="27" count="82" type="cond" truecount="1" falsecount="1"/>
      <line num="29" count="128" type="stmt"/>
      <line num="31" count="128" type="cond" truecount="2" falsecount="0"/>
      <line num="32" count="60" type="stmt"/>
      <line num="33" count="60" type="stmt"/>
      <line num="34" count="60" type="stmt"/>
      <line num="35" count="60" type="cond" truecount="2" falsecount="0"/>
      <line num="36" count="12" type="stmt"/>
      <line num="38" count="60" type="stmt"/>
      <line num="40" count="68" type="cond" truecount="1" falsecount="1"/>
      <line num="41" count="68" type="stmt"/>
      <line num="44" count="82" type="stmt"/>
      <line num="45" count="82" type="stmt"/>
      <line num="46" count="82" type="stmt"/>
      <line num="49" count="2" type="stmt"/>
      <line num="50" count="7" type="stmt"/>
      <line num="51" count="7" type="stmt"/>
      <line num="52" count="18" type="stmt"/>
      <line num="55" count="7" type="stmt"/>
      <line num="56" count="7" type="stmt"/>
      <line num="57" count="18" type="cond" truecount="1" falsecount="1"/>
      <line num="58" count="18" type="stmt"/>
      <line num="61" count="7" type="stmt"/>
    </file>
  </project>
</coverage>
