{"C:\\workspace\\event-flux\\packages\\event-flux\\src\\BatchUpdateHost.ts": {"path":"C:\\workspace\\event-flux\\packages\\event-flux\\src\\BatchUpdateHost.ts","statementMap":{"0":{"start":{"line":1,"column":0},"end":{"line":1,"column":null}},"1":{"start":{"line":3,"column":2},"end":{"line":3,"column":20}},"2":{"start":{"line":6,"column":4},"end":{"line":6,"column":29}},"3":{"start":{"line":10,"column":2},"end":{"line":16,"column":null}},"4":{"start":{"line":10,"column":2},"end":{"line":10,"column":15}},"5":{"start":{"line":11,"column":4},"end":{"line":15,"column":null}},"6":{"start":{"line":12,"column":6},"end":{"line":12,"column":32}},"7":{"start":{"line":14,"column":6},"end":{"line":14,"column":45}},"8":{"start":{"line":14,"column":23},"end":{"line":14,"column":41}},"9":{"start":{"line":18,"column":2},"end":{"line":21,"column":null}},"10":{"start":{"line":19,"column":4},"end":{"line":19,"column":27}},"11":{"start":{"line":20,"column":4},"end":{"line":20,"column":32}},"12":{"start":{"line":22,"column":0},"end":{"line":22,"column":null}}},"fnMap":{"0":{"name":"(anonymous_0)","decl":{"start":{"line":1,"column":0},"end":{"line":1,"column":null}},"loc":{"start":{"line":1,"column":0},"end":{"line":22,"column":null}}},"1":{"name":"BatchUpdateHost","decl":{"start":{"line":5,"column":2},"end":{"line":5,"column":14}},"loc":{"start":{"line":5,"column":27},"end":{"line":7,"column":3}}},"2":{"name":"(anonymous_2)","decl":{"start":{"line":10,"column":2},"end":{"line":10,"column":15}},"loc":{"start":{"line":10,"column":2},"end":{"line":16,"column":3}}},"3":{"name":"(anonymous_3)","decl":{"start":{"line":14,"column":17},"end":{"line":14,"column":23}},"loc":{"start":{"line":14,"column":17},"end":{"line":14,"column":27}}},"4":{"name":"(anonymous_4)","decl":{"start":{"line":18,"column":2},"end":{"line":18,"column":11}},"loc":{"start":{"line":18,"column":2},"end":{"line":21,"column":3}}}},"branchMap":{"0":{"loc":{"start":{"line":11,"column":4},"end":{"line":15,"column":null}},"type":"if","locations":[{"start":{"line":11,"column":4},"end":{"line":15,"column":null}},{"start":{"line":11,"column":4},"end":{"line":15,"column":null}}]}},"s":{"0":1,"1":1,"2":1,"3":1,"4":2,"5":2,"6":1,"7":1,"8":1,"9":1,"10":1,"11":1,"12":1},"f":{"0":1,"1":1,"2":2,"3":1,"4":1},"b":{"0":[1,1]}}
,"C:\\workspace\\event-flux\\packages\\event-flux\\src\\RecycleStrategy.ts": {"path":"C:\\workspace\\event-flux\\packages\\event-flux\\src\\RecycleStrategy.ts","statementMap":{"0":{"start":{"line":1,"column":0},"end":{"line":1,"column":null}},"1":{"start":{"line":2,"column":2},"end":{"line":2,"column":null}},"2":{"start":{"line":3,"column":2},"end":{"line":3,"column":null}},"3":{"start":{"line":6,"column":0},"end":{"line":6,"column":31}}},"fnMap":{"0":{"name":"(anonymous_0)","decl":{"start":{"line":1,"column":0},"end":{"line":1,"column":5}},"loc":{"start":{"line":1,"column":20},"end":{"line":4,"column":1}}}},"branchMap":{"0":{"loc":{"start":{"line":1,"column":5},"end":{"line":1,"column":20}},"type":"binary-expr","locations":[{"start":{"line":1,"column":5},"end":{"line":1,"column":20}},{"start":{"line":1,"column":5},"end":{"line":1,"column":null}}]}},"s":{"0":1,"1":1,"2":1,"3":1},"f":{"0":1},"b":{"0":[1,1]}}
,"C:\\workspace\\event-flux\\packages\\event-flux\\src\\StoreBase.ts": {"path":"C:\\workspace\\event-flux\\packages\\event-flux\\src\\StoreBase.ts","statementMap":{"0":{"start":{"line":1,"column":0},"end":{"line":1,"column":85}},"1":{"start":{"line":3,"column":0},"end":{"line":3,"column":48}},"2":{"start":{"line":5,"column":17},"end":{"line":5,"column":37}},"3":{"start":{"line":8,"column":2},"end":{"line":8,"column":29}},"4":{"start":{"line":7,"column":0},"end":{"line":7,"column":16}},"5":{"start":{"line":12,"column":2},"end":{"line":12,"column":29}},"6":{"start":{"line":11,"column":0},"end":{"line":11,"column":16}},"7":{"start":{"line":16,"column":2},"end":{"line":16,"column":29}},"8":{"start":{"line":15,"column":0},"end":{"line":15,"column":16}},"9":{"start":{"line":19,"column":0},"end":{"line":19,"column":21}},"10":{"start":{"line":20,"column":2},"end":{"line":20,"column":31}},"11":{"start":{"line":22,"column":2},"end":{"line":22,"column":27}},"12":{"start":{"line":23,"column":2},"end":{"line":23,"column":43}},"13":{"start":{"line":25,"column":2},"end":{"line":25,"column":24}},"14":{"start":{"line":26,"column":2},"end":{"line":26,"column":32}},"15":{"start":{"line":28,"column":2},"end":{"line":28,"column":18}},"16":{"start":{"line":29,"column":2},"end":{"line":29,"column":24}},"17":{"start":{"line":30,"column":2},"end":{"line":30,"column":20}},"18":{"start":{"line":32,"column":2},"end":{"line":32,"column":16}},"19":{"start":{"line":40,"column":4},"end":{"line":40,"column":30}},"20":{"start":{"line":41,"column":4},"end":{"line":45,"column":null}},"21":{"start":{"line":42,"column":6},"end":{"line":44,"column":null}},"22":{"start":{"line":43,"column":8},"end":{"line":43,"column":45}},"23":{"start":{"line":46,"column":4},"end":{"line":46,"column":22}},"24":{"start":{"line":49,"column":2},"end":{"line":49,"column":null}},"25":{"start":{"line":51,"column":2},"end":{"line":51,"column":null}},"26":{"start":{"line":59,"column":2},"end":{"line":81,"column":null}},"27":{"start":{"line":61,"column":4},"end":{"line":64,"column":null}},"28":{"start":{"line":62,"column":6},"end":{"line":62,"column":41}},"29":{"start":{"line":63,"column":6},"end":{"line":63,"column":13}},"30":{"start":{"line":66,"column":20},"end":{"line":66,"column":56}},"31":{"start":{"line":67,"column":4},"end":{"line":67,"column":30}},"32":{"start":{"line":68,"column":4},"end":{"line":68,"column":49}},"33":{"start":{"line":69,"column":4},"end":{"line":69,"column":31}},"34":{"start":{"line":70,"column":4},"end":{"line":77,"column":null}},"35":{"start":{"line":71,"column":6},"end":{"line":73,"column":20}},"36":{"start":{"line":72,"column":8},"end":{"line":73,"column":9}},"37":{"start":{"line":74,"column":6},"end":{"line":74,"column":34}},"38":{"start":{"line":76,"column":6},"end":{"line":76,"column":29}},"39":{"start":{"line":80,"column":4},"end":{"line":80,"column":49}},"40":{"start":{"line":84,"column":2},"end":{"line":86,"column":null}},"41":{"start":{"line":85,"column":4},"end":{"line":85,"column":52}},"42":{"start":{"line":89,"column":2},"end":{"line":91,"column":null}},"43":{"start":{"line":90,"column":4},"end":{"line":90,"column":53}},"44":{"start":{"line":94,"column":2},"end":{"line":97,"column":null}},"45":{"start":{"line":95,"column":4},"end":{"line":95,"column":25}},"46":{"start":{"line":96,"column":4},"end":{"line":96,"column":52}},"47":{"start":{"line":99,"column":2},"end":{"line":101,"column":null}},"48":{"start":{"line":100,"column":4},"end":{"line":100,"column":32}},"49":{"start":{"line":103,"column":2},"end":{"line":106,"column":null}},"50":{"start":{"line":104,"column":4},"end":{"line":104,"column":32}},"51":{"start":{"line":105,"column":4},"end":{"line":105,"column":28}},"52":{"start":{"line":108,"column":2},"end":{"line":110,"column":null}},"53":{"start":{"line":109,"column":4},"end":{"line":109,"column":22}},"54":{"start":{"line":113,"column":2},"end":{"line":115,"column":null}},"55":{"start":{"line":114,"column":4},"end":{"line":114,"column":24}},"56":{"start":{"line":118,"column":2},"end":{"line":124,"column":null}},"57":{"start":{"line":119,"column":4},"end":{"line":119,"column":24}},"58":{"start":{"line":120,"column":4},"end":{"line":123,"column":null}},"59":{"start":{"line":121,"column":6},"end":{"line":121,"column":21}},"60":{"start":{"line":122,"column":6},"end":{"line":122,"column":48}},"61":{"start":{"line":125,"column":0},"end":{"line":125,"column":null}},"62":{"start":{"line":19,"column":21},"end":{"line":19,"column":null}},"63":{"start":{"line":127,"column":1},"end":{"line":127,"column":46}},"64":{"start":{"line":128,"column":0},"end":{"line":130,"column":null}},"65":{"start":{"line":129,"column":2},"end":{"line":129,"column":48}}},"fnMap":{"0":{"name":"eventListener","decl":{"start":{"line":7,"column":16},"end":{"line":7,"column":29}},"loc":{"start":{"line":7,"column":94},"end":{"line":9,"column":1}}},"1":{"name":"reducer","decl":{"start":{"line":11,"column":16},"end":{"line":11,"column":23}},"loc":{"start":{"line":11,"column":88},"end":{"line":13,"column":1}}},"2":{"name":"returnReducer","decl":{"start":{"line":15,"column":16},"end":{"line":15,"column":29}},"loc":{"start":{"line":15,"column":94},"end":{"line":17,"column":1}}},"3":{"name":"(anonymous_4)","decl":{"start":{"line":19,"column":0},"end":{"line":19,"column":21}},"loc":{"start":{"line":19,"column":0},"end":{"line":19,"column":21}}},"4":{"name":"StoreBase","decl":{"start":{"line":39,"column":2},"end":{"line":39,"column":14}},"loc":{"start":{"line":39,"column":87},"end":{"line":47,"column":3}}},"5":{"name":"(anonymous_6)","decl":{"start":{"line":49,"column":2},"end":{"line":49,"column":10}},"loc":{"start":{"line":49,"column":2},"end":{"line":49,"column":15}}},"6":{"name":"(anonymous_7)","decl":{"start":{"line":51,"column":2},"end":{"line":51,"column":6}},"loc":{"start":{"line":51,"column":2},"end":{"line":51,"column":11}}},"7":{"name":"(anonymous_8)","decl":{"start":{"line":59,"column":2},"end":{"line":59,"column":10}},"loc":{"start":{"line":59,"column":21},"end":{"line":81,"column":3}}},"8":{"name":"(anonymous_9)","decl":{"start":{"line":71,"column":49},"end":{"line":71,"column":50}},"loc":{"start":{"line":71,"column":65},"end":{"line":72,"column":14}}},"9":{"name":"(anonymous_10)","decl":{"start":{"line":84,"column":2},"end":{"line":84,"column":13}},"loc":{"start":{"line":84,"column":47},"end":{"line":86,"column":3}}},"10":{"name":"(anonymous_11)","decl":{"start":{"line":89,"column":2},"end":{"line":89,"column":14}},"loc":{"start":{"line":89,"column":48},"end":{"line":91,"column":3}}},"11":{"name":"(anonymous_12)","decl":{"start":{"line":94,"column":2},"end":{"line":94,"column":9}},"loc":{"start":{"line":94,"column":43},"end":{"line":97,"column":3}}},"12":{"name":"(anonymous_13)","decl":{"start":{"line":99,"column":2},"end":{"line":99,"column":15}},"loc":{"start":{"line":99,"column":36},"end":{"line":101,"column":3}}},"13":{"name":"(anonymous_14)","decl":{"start":{"line":103,"column":2},"end":{"line":103,"column":9}},"loc":{"start":{"line":103,"column":2},"end":{"line":106,"column":3}}},"14":{"name":"(anonymous_15)","decl":{"start":{"line":108,"column":2},"end":{"line":108,"column":10}},"loc":{"start":{"line":108,"column":2},"end":{"line":110,"column":3}}},"15":{"name":"(anonymous_16)","decl":{"start":{"line":113,"column":2},"end":{"line":113,"column":9}},"loc":{"start":{"line":113,"column":2},"end":{"line":115,"column":3}}},"16":{"name":"(anonymous_17)","decl":{"start":{"line":118,"column":2},"end":{"line":118,"column":14}},"loc":{"start":{"line":118,"column":2},"end":{"line":124,"column":3}}},"17":{"name":"(anonymous_18)","decl":{"start":{"line":128,"column":20},"end":{"line":128,"column":29}},"loc":{"start":{"line":128,"column":44},"end":{"line":130,"column":1}}}},"branchMap":{"0":{"loc":{"start":{"line":41,"column":4},"end":{"line":45,"column":null}},"type":"if","locations":[{"start":{"line":41,"column":4},"end":{"line":45,"column":null}},{"start":{"line":41,"column":4},"end":{"line":45,"column":null}}]},"1":{"loc":{"start":{"line":61,"column":4},"end":{"line":64,"column":null}},"type":"if","locations":[{"start":{"line":61,"column":4},"end":{"line":64,"column":null}},{"start":{"line":61,"column":4},"end":{"line":64,"column":null}}]},"2":{"loc":{"start":{"line":70,"column":4},"end":{"line":77,"column":null}},"type":"if","locations":[{"start":{"line":70,"column":4},"end":{"line":77,"column":null}},{"start":{"line":70,"column":4},"end":{"line":77,"column":null}}]},"3":{"loc":{"start":{"line":120,"column":4},"end":{"line":123,"column":null}},"type":"if","locations":[{"start":{"line":120,"column":4},"end":{"line":123,"column":null}},{"start":{"line":120,"column":4},"end":{"line":123,"column":null}}]},"4":{"loc":{"start":{"line":120,"column":8},"end":{"line":120,"column":28}},"type":"binary-expr","locations":[{"start":{"line":120,"column":8},"end":{"line":120,"column":28}},{"start":{"line":120,"column":32},"end":{"line":120,"column":89}}]},"5":{"loc":{"start":{"line":129,"column":12},"end":{"line":129,"column":22}},"type":"binary-expr","locations":[{"start":{"line":129,"column":12},"end":{"line":129,"column":22}},{"start":{"line":129,"column":26},"end":{"line":129,"column":46}}]}},"s":{"0":1,"1":1,"2":1,"3":3,"4":1,"5":0,"6":1,"7":0,"8":1,"9":1,"10":6,"11":6,"12":6,"13":6,"14":6,"15":6,"16":6,"17":6,"18":6,"19":6,"20":6,"21":2,"22":0,"23":6,"24":1,"25":1,"26":1,"27":7,"28":2,"29":2,"30":5,"31":5,"32":5,"33":5,"34":5,"35":1,"36":2,"37":1,"38":4,"39":5,"40":2,"41":4,"42":2,"43":2,"44":2,"45":1,"46":1,"47":1,"48":1,"49":1,"50":2,"51":2,"52":1,"53":0,"54":1,"55":1,"56":1,"57":1,"58":1,"59":1,"60":1,"61":1,"62":1,"63":1,"64":1,"65":0},"f":{"0":3,"1":0,"2":0,"3":1,"4":6,"5":0,"6":0,"7":7,"8":2,"9":4,"10":2,"11":1,"12":1,"13":2,"14":0,"15":1,"16":1,"17":0},"b":{"0":[2,4],"1":[2,5],"2":[1,4],"3":[1,0],"4":[1,1],"5":[0,0]}}
}
