{"C:\\workspace\\event-flux\\packages\\event-flux\\src\\AppStore.ts": {"path":"C:\\workspace\\event-flux\\packages\\event-flux\\src\\AppStore.ts","statementMap":{"0":{"start":{"line":1,"column":0},"end":{"line":1,"column":36}},"1":{"start":{"line":2,"column":0},"end":{"line":2,"column":48}},"2":{"start":{"line":4,"column":0},"end":{"line":4,"column":48}},"3":{"start":{"line":5,"column":0},"end":{"line":5,"column":60}},"4":{"start":{"line":6,"column":21},"end":{"line":6,"column":40}},"5":{"start":{"line":8,"column":0},"end":{"line":8,"column":null}},"6":{"start":{"line":9,"column":2},"end":{"line":9,"column":16}},"7":{"start":{"line":10,"column":2},"end":{"line":10,"column":38}},"8":{"start":{"line":13,"column":2},"end":{"line":13,"column":22}},"9":{"start":{"line":14,"column":2},"end":{"line":14,"column":18}},"10":{"start":{"line":15,"column":2},"end":{"line":15,"column":54}},"11":{"start":{"line":17,"column":2},"end":{"line":17,"column":68}},"12":{"start":{"line":18,"column":2},"end":{"line":18,"column":71}},"13":{"start":{"line":22,"column":2},"end":{"line":22,"column":60}},"14":{"start":{"line":23,"column":2},"end":{"line":23,"column":56}},"15":{"start":{"line":29,"column":4},"end":{"line":29,"column":50}},"16":{"start":{"line":36,"column":2},"end":{"line":43,"column":null}},"17":{"start":{"line":37,"column":4},"end":{"line":42,"column":null}},"18":{"start":{"line":38,"column":6},"end":{"line":38,"column":39}},"19":{"start":{"line":40,"column":6},"end":{"line":40,"column":56}},"20":{"start":{"line":41,"column":6},"end":{"line":41,"column":40}},"21":{"start":{"line":45,"column":2},"end":{"line":49,"column":null}},"22":{"start":{"line":45,"column":2},"end":{"line":45,"column":13}},"23":{"start":{"line":46,"column":4},"end":{"line":46,"column":79}},"24":{"start":{"line":47,"column":4},"end":{"line":47,"column":70}},"25":{"start":{"line":47,"column":48},"end":{"line":47,"column":69}},"26":{"start":{"line":48,"column":4},"end":{"line":48,"column":32}},"27":{"start":{"line":51,"column":2},"end":{"line":52,"column":null}},"28":{"start":{"line":54,"column":2},"end":{"line":56,"column":null}},"29":{"start":{"line":55,"column":4},"end":{"line":55,"column":43}},"30":{"start":{"line":58,"column":2},"end":{"line":64,"column":null}},"31":{"start":{"line":59,"column":4},"end":{"line":59,"column":22}},"32":{"start":{"line":60,"column":4},"end":{"line":60,"column":32}},"33":{"start":{"line":62,"column":4},"end":{"line":62,"column":75}},"34":{"start":{"line":63,"column":4},"end":{"line":63,"column":16}},"35":{"start":{"line":66,"column":2},"end":{"line":76,"column":null}},"36":{"start":{"line":67,"column":4},"end":{"line":67,"column":33}},"37":{"start":{"line":68,"column":4},"end":{"line":68,"column":39}},"38":{"start":{"line":69,"column":4},"end":{"line":74,"column":null}},"39":{"start":{"line":70,"column":18},"end":{"line":70,"column":34}},"40":{"start":{"line":71,"column":6},"end":{"line":73,"column":null}},"41":{"start":{"line":72,"column":8},"end":{"line":72,"column":24}},"42":{"start":{"line":75,"column":4},"end":{"line":75,"column":21}},"43":{"start":{"line":78,"column":2},"end":{"line":88,"column":null}},"44":{"start":{"line":79,"column":4},"end":{"line":86,"column":null}},"45":{"start":{"line":80,"column":6},"end":{"line":85,"column":null}},"46":{"start":{"line":81,"column":20},"end":{"line":81,"column":41}},"47":{"start":{"line":82,"column":8},"end":{"line":84,"column":null}},"48":{"start":{"line":83,"column":10},"end":{"line":83,"column":53}},"49":{"start":{"line":87,"column":4},"end":{"line":87,"column":44}},"50":{"start":{"line":94,"column":2},"end":{"line":106,"column":null}},"51":{"start":{"line":94,"column":16},"end":{"line":94,"column":53}},"52":{"start":{"line":95,"column":4},"end":{"line":105,"column":null}},"53":{"start":{"line":95,"column":30},"end":{"line":95,"column":46}},"54":{"start":{"line":95,"column":44},"end":{"line":95,"column":46}},"55":{"start":{"line":95,"column":26},"end":{"line":95,"column":30}},"56":{"start":{"line":96,"column":21},"end":{"line":96,"column":53}},"57":{"start":{"line":97,"column":6},"end":{"line":97,"column":55}},"58":{"start":{"line":99,"column":23},"end":{"line":99,"column":42}},"59":{"start":{"line":100,"column":6},"end":{"line":104,"column":null}},"60":{"start":{"line":101,"column":8},"end":{"line":101,"column":65}},"61":{"start":{"line":103,"column":8},"end":{"line":103,"column":105}},"62":{"start":{"line":113,"column":2},"end":{"line":187,"column":null}},"63":{"start":{"line":114,"column":16},"end":{"line":114,"column":37}},"64":{"start":{"line":115,"column":4},"end":{"line":185,"column":null}},"65":{"start":{"line":117,"column":20},"end":{"line":117,"column":30}},"66":{"start":{"line":118,"column":6},"end":{"line":149,"column":null}},"67":{"start":{"line":118,"column":19},"end":{"line":118,"column":20}},"68":{"start":{"line":119,"column":26},"end":{"line":119,"column":36}},"69":{"start":{"line":121,"column":24},"end":{"line":121,"column":59}},"70":{"start":{"line":122,"column":8},"end":{"line":125,"column":null}},"71":{"start":{"line":123,"column":10},"end":{"line":123,"column":79}},"72":{"start":{"line":124,"column":10},"end":{"line":124,"column":19}},"73":{"start":{"line":126,"column":23},"end":{"line":126,"column":52}},"74":{"start":{"line":128,"column":29},"end":{"line":128,"column":31}},"75":{"start":{"line":129,"column":8},"end":{"line":146,"column":null}},"76":{"start":{"line":129,"column":28},"end":{"line":129,"column":38}},"77":{"start":{"line":129,"column":36},"end":{"line":129,"column":38}},"78":{"start":{"line":129,"column":24},"end":{"line":129,"column":28}},"79":{"start":{"line":132,"column":10},"end":{"line":135,"column":null}},"80":{"start":{"line":133,"column":12},"end":{"line":133,"column":80}},"81":{"start":{"line":134,"column":12},"end":{"line":134,"column":21}},"82":{"start":{"line":136,"column":25},"end":{"line":136,"column":45}},"83":{"start":{"line":140,"column":10},"end":{"line":145,"column":null}},"84":{"start":{"line":142,"column":12},"end":{"line":142,"column":31}},"85":{"start":{"line":143,"column":17},"end":{"line":145,"column":null}},"86":{"start":{"line":144,"column":12},"end":{"line":144,"column":41}},"87":{"start":{"line":148,"column":8},"end":{"line":148,"column":61}},"88":{"start":{"line":152,"column":6},"end":{"line":158,"column":null}},"89":{"start":{"line":152,"column":19},"end":{"line":152,"column":37}},"90":{"start":{"line":153,"column":23},"end":{"line":153,"column":33}},"91":{"start":{"line":154,"column":24},"end":{"line":154,"column":56}},"92":{"start":{"line":155,"column":23},"end":{"line":155,"column":96}},"93":{"start":{"line":156,"column":8},"end":{"line":156,"column":27}},"94":{"start":{"line":157,"column":8},"end":{"line":157,"column":41}},"95":{"start":{"line":161,"column":6},"end":{"line":170,"column":null}},"96":{"start":{"line":161,"column":19},"end":{"line":161,"column":37}},"97":{"start":{"line":162,"column":23},"end":{"line":162,"column":33}},"98":{"start":{"line":163,"column":24},"end":{"line":163,"column":56}},"99":{"start":{"line":164,"column":23},"end":{"line":164,"column":52}},"100":{"start":{"line":165,"column":64},"end":{"line":165,"column":66}},"101":{"start":{"line":166,"column":8},"end":{"line":168,"column":null}},"102":{"start":{"line":166,"column":28},"end":{"line":166,"column":38}},"103":{"start":{"line":166,"column":36},"end":{"line":166,"column":38}},"104":{"start":{"line":166,"column":24},"end":{"line":166,"column":28}},"105":{"start":{"line":167,"column":10},"end":{"line":167,"column":49}},"106":{"start":{"line":169,"column":8},"end":{"line":169,"column":49}},"107":{"start":{"line":173,"column":6},"end":{"line":176,"column":null}},"108":{"start":{"line":173,"column":19},"end":{"line":173,"column":37}},"109":{"start":{"line":174,"column":23},"end":{"line":174,"column":33}},"110":{"start":{"line":175,"column":8},"end":{"line":175,"column":41}},"111":{"start":{"line":179,"column":6},"end":{"line":182,"column":null}},"112":{"start":{"line":179,"column":19},"end":{"line":179,"column":37}},"113":{"start":{"line":180,"column":23},"end":{"line":180,"column":33}},"114":{"start":{"line":181,"column":8},"end":{"line":181,"column":37}},"115":{"start":{"line":184,"column":6},"end":{"line":184,"column":22}},"116":{"start":{"line":186,"column":4},"end":{"line":186,"column":17}},"117":{"start":{"line":193,"column":2},"end":{"line":221,"column":null}},"118":{"start":{"line":194,"column":16},"end":{"line":194,"column":37}},"119":{"start":{"line":195,"column":4},"end":{"line":195,"column":23}},"120":{"start":{"line":195,"column":16},"end":{"line":195,"column":23}},"121":{"start":{"line":198,"column":4},"end":{"line":220,"column":null}},"122":{"start":{"line":199,"column":6},"end":{"line":208,"column":null}},"123":{"start":{"line":199,"column":27},"end":{"line":199,"column":52}},"124":{"start":{"line":199,"column":50},"end":{"line":199,"column":52}},"125":{"start":{"line":199,"column":23},"end":{"line":199,"column":27}},"126":{"start":{"line":200,"column":8},"end":{"line":207,"column":null}},"127":{"start":{"line":201,"column":10},"end":{"line":206,"column":null}},"128":{"start":{"line":201,"column":27},"end":{"line":201,"column":37}},"129":{"start":{"line":201,"column":35},"end":{"line":201,"column":37}},"130":{"start":{"line":201,"column":23},"end":{"line":201,"column":27}},"131":{"start":{"line":202,"column":12},"end":{"line":205,"column":null}},"132":{"start":{"line":203,"column":14},"end":{"line":203,"column":47}},"133":{"start":{"line":204,"column":14},"end":{"line":204,"column":21}},"134":{"start":{"line":211,"column":6},"end":{"line":211,"column":27}},"135":{"start":{"line":215,"column":6},"end":{"line":217,"column":null}},"136":{"start":{"line":216,"column":8},"end":{"line":216,"column":51}},"137":{"start":{"line":219,"column":6},"end":{"line":219,"column":27}},"138":{"start":{"line":223,"column":2},"end":{"line":256,"column":null}},"139":{"start":{"line":224,"column":4},"end":{"line":224,"column":40}},"140":{"start":{"line":224,"column":33},"end":{"line":224,"column":40}},"141":{"start":{"line":225,"column":4},"end":{"line":225,"column":20}},"142":{"start":{"line":226,"column":4},"end":{"line":226,"column":33}},"143":{"start":{"line":228,"column":18},"end":{"line":228,"column":28}},"144":{"start":{"line":229,"column":4},"end":{"line":255,"column":null}},"145":{"start":{"line":229,"column":17},"end":{"line":229,"column":18}},"146":{"start":{"line":230,"column":24},"end":{"line":230,"column":34}},"147":{"start":{"line":232,"column":22},"end":{"line":232,"column":57}},"148":{"start":{"line":234,"column":21},"end":{"line":234,"column":50}},"149":{"start":{"line":236,"column":27},"end":{"line":236,"column":29}},"150":{"start":{"line":237,"column":6},"end":{"line":252,"column":null}},"151":{"start":{"line":237,"column":26},"end":{"line":237,"column":36}},"152":{"start":{"line":237,"column":34},"end":{"line":237,"column":36}},"153":{"start":{"line":237,"column":22},"end":{"line":237,"column":26}},"154":{"start":{"line":238,"column":23},"end":{"line":238,"column":43}},"155":{"start":{"line":240,"column":8},"end":{"line":240,"column":32}},"156":{"start":{"line":240,"column":23},"end":{"line":240,"column":32}},"157":{"start":{"line":242,"column":8},"end":{"line":242,"column":32}},"158":{"start":{"line":244,"column":8},"end":{"line":251,"column":null}},"159":{"start":{"line":245,"column":10},"end":{"line":245,"column":29}},"160":{"start":{"line":246,"column":10},"end":{"line":246,"column":38}},"161":{"start":{"line":248,"column":10},"end":{"line":250,"column":null}},"162":{"start":{"line":249,"column":12},"end":{"line":249,"column":41}},"163":{"start":{"line":254,"column":6},"end":{"line":254,"column":59}},"164":{"start":{"line":257,"column":0},"end":{"line":257,"column":null}},"165":{"start":{"line":259,"column":1},"end":{"line":259,"column":49}},"166":{"start":{"line":260,"column":0},"end":{"line":262,"column":null}},"167":{"start":{"line":261,"column":2},"end":{"line":261,"column":58}}},"fnMap":{"0":{"name":"(anonymous_4)","decl":{"start":{"line":8,"column":0},"end":{"line":8,"column":null}},"loc":{"start":{"line":8,"column":0},"end":{"line":257,"column":null}}},"1":{"name":"AppStore","decl":{"start":{"line":28,"column":2},"end":{"line":28,"column":null}},"loc":{"start":{"line":28,"column":2},"end":{"line":30,"column":3}}},"2":{"name":"(anonymous_6)","decl":{"start":{"line":36,"column":2},"end":{"line":36,"column":10}},"loc":{"start":{"line":36,"column":21},"end":{"line":43,"column":3}}},"3":{"name":"(anonymous_7)","decl":{"start":{"line":45,"column":2},"end":{"line":45,"column":13}},"loc":{"start":{"line":45,"column":2},"end":{"line":49,"column":3}}},"4":{"name":"(anonymous_8)","decl":{"start":{"line":47,"column":36},"end":{"line":47,"column":44}},"loc":{"start":{"line":47,"column":44},"end":{"line":47,"column":56}}},"5":{"name":"(anonymous_9)","decl":{"start":{"line":51,"column":2},"end":{"line":51,"column":18}},"loc":{"start":{"line":51,"column":45},"end":{"line":52,"column":3}}},"6":{"name":"(anonymous_10)","decl":{"start":{"line":54,"column":2},"end":{"line":54,"column":13}},"loc":{"start":{"line":54,"column":32},"end":{"line":56,"column":3}}},"7":{"name":"(anonymous_11)","decl":{"start":{"line":58,"column":2},"end":{"line":58,"column":6}},"loc":{"start":{"line":58,"column":2},"end":{"line":64,"column":3}}},"8":{"name":"(anonymous_12)","decl":{"start":{"line":66,"column":2},"end":{"line":66,"column":9}},"loc":{"start":{"line":66,"column":2},"end":{"line":76,"column":3}}},"9":{"name":"(anonymous_13)","decl":{"start":{"line":78,"column":2},"end":{"line":78,"column":20}},"loc":{"start":{"line":78,"column":53},"end":{"line":88,"column":3}}},"10":{"name":"(anonymous_14)","decl":{"start":{"line":94,"column":2},"end":{"line":94,"column":15}},"loc":{"start":{"line":94,"column":2},"end":{"line":106,"column":3}}},"11":{"name":"(anonymous_15)","decl":{"start":{"line":113,"column":2},"end":{"line":113,"column":14}},"loc":{"start":{"line":113,"column":31},"end":{"line":187,"column":3}}},"12":{"name":"(anonymous_16)","decl":{"start":{"line":193,"column":2},"end":{"line":193,"column":14}},"loc":{"start":{"line":193,"column":31},"end":{"line":221,"column":3}}},"13":{"name":"(anonymous_17)","decl":{"start":{"line":223,"column":2},"end":{"line":223,"column":22}},"loc":{"start":{"line":223,"column":62},"end":{"line":256,"column":3}}},"14":{"name":"(anonymous_18)","decl":{"start":{"line":260,"column":22},"end":{"line":260,"column":31}},"loc":{"start":{"line":260,"column":49},"end":{"line":262,"column":1}}}},"branchMap":{"0":{"loc":{"start":{"line":37,"column":4},"end":{"line":42,"column":null}},"type":"if","locations":[{"start":{"line":37,"column":4},"end":{"line":42,"column":null}},{"start":{"line":37,"column":4},"end":{"line":42,"column":null}}]},"1":{"loc":{"start":{"line":46,"column":4},"end":{"line":46,"column":25}},"type":"binary-expr","locations":[{"start":{"line":46,"column":4},"end":{"line":46,"column":25}},{"start":{"line":46,"column":29},"end":{"line":46,"column":78}}]},"2":{"loc":{"start":{"line":71,"column":6},"end":{"line":73,"column":null}},"type":"if","locations":[{"start":{"line":71,"column":6},"end":{"line":73,"column":null}},{"start":{"line":71,"column":6},"end":{"line":73,"column":null}}]},"3":{"loc":{"start":{"line":79,"column":4},"end":{"line":86,"column":null}},"type":"if","locations":[{"start":{"line":79,"column":4},"end":{"line":86,"column":null}},{"start":{"line":79,"column":4},"end":{"line":86,"column":null}}]},"4":{"loc":{"start":{"line":79,"column":8},"end":{"line":79,"column":49}},"type":"binary-expr","locations":[{"start":{"line":79,"column":8},"end":{"line":79,"column":49}},{"start":{"line":79,"column":53},"end":{"line":79,"column":95}}]},"5":{"loc":{"start":{"line":82,"column":8},"end":{"line":84,"column":null}},"type":"if","locations":[{"start":{"line":82,"column":8},"end":{"line":84,"column":null}},{"start":{"line":82,"column":8},"end":{"line":84,"column":null}}]},"6":{"loc":{"start":{"line":82,"column":12},"end":{"line":82,"column":17}},"type":"binary-expr","locations":[{"start":{"line":82,"column":12},"end":{"line":82,"column":17}},{"start":{"line":82,"column":21},"end":{"line":82,"column":46}}]},"7":{"loc":{"start":{"line":100,"column":6},"end":{"line":104,"column":null}},"type":"if","locations":[{"start":{"line":100,"column":6},"end":{"line":104,"column":null}},{"start":{"line":100,"column":6},"end":{"line":104,"column":null}}]},"8":{"loc":{"start":{"line":115,"column":4},"end":{"line":185,"column":null}},"type":"if","locations":[{"start":{"line":115,"column":4},"end":{"line":185,"column":null}},{"start":{"line":115,"column":4},"end":{"line":185,"column":null}}]},"9":{"loc":{"start":{"line":122,"column":8},"end":{"line":125,"column":null}},"type":"if","locations":[{"start":{"line":122,"column":8},"end":{"line":125,"column":null}},{"start":{"line":122,"column":8},"end":{"line":125,"column":null}}]},"10":{"loc":{"start":{"line":126,"column":23},"end":{"line":126,"column":46}},"type":"binary-expr","locations":[{"start":{"line":126,"column":23},"end":{"line":126,"column":46}},{"start":{"line":126,"column":50},"end":{"line":126,"column":52}}]},"11":{"loc":{"start":{"line":132,"column":10},"end":{"line":135,"column":null}},"type":"if","locations":[{"start":{"line":132,"column":10},"end":{"line":135,"column":null}},{"start":{"line":132,"column":10},"end":{"line":135,"column":null}}]},"12":{"loc":{"start":{"line":140,"column":10},"end":{"line":145,"column":null}},"type":"if","locations":[{"start":{"line":140,"column":10},"end":{"line":145,"column":null}},{"start":{"line":140,"column":10},"end":{"line":145,"column":null}}]},"13":{"loc":{"start":{"line":143,"column":17},"end":{"line":145,"column":null}},"type":"if","locations":[{"start":{"line":143,"column":17},"end":{"line":145,"column":null}},{"start":{"line":143,"column":17},"end":{"line":145,"column":null}}]},"14":{"loc":{"start":{"line":164,"column":23},"end":{"line":164,"column":46}},"type":"binary-expr","locations":[{"start":{"line":164,"column":23},"end":{"line":164,"column":46}},{"start":{"line":164,"column":50},"end":{"line":164,"column":52}}]},"15":{"loc":{"start":{"line":195,"column":4},"end":{"line":195,"column":23}},"type":"if","locations":[{"start":{"line":195,"column":4},"end":{"line":195,"column":23}},{"start":{"line":195,"column":4},"end":{"line":195,"column":23}}]},"16":{"loc":{"start":{"line":198,"column":4},"end":{"line":220,"column":null}},"type":"if","locations":[{"start":{"line":198,"column":4},"end":{"line":220,"column":null}},{"start":{"line":198,"column":4},"end":{"line":220,"column":null}}]},"17":{"loc":{"start":{"line":200,"column":8},"end":{"line":207,"column":null}},"type":"if","locations":[{"start":{"line":200,"column":8},"end":{"line":207,"column":null}},{"start":{"line":200,"column":8},"end":{"line":207,"column":null}}]},"18":{"loc":{"start":{"line":202,"column":12},"end":{"line":205,"column":null}},"type":"if","locations":[{"start":{"line":202,"column":12},"end":{"line":205,"column":null}},{"start":{"line":202,"column":12},"end":{"line":205,"column":null}}]},"19":{"loc":{"start":{"line":215,"column":6},"end":{"line":217,"column":null}},"type":"if","locations":[{"start":{"line":215,"column":6},"end":{"line":217,"column":null}},{"start":{"line":215,"column":6},"end":{"line":217,"column":null}}]},"20":{"loc":{"start":{"line":224,"column":4},"end":{"line":224,"column":40}},"type":"if","locations":[{"start":{"line":224,"column":4},"end":{"line":224,"column":40}},{"start":{"line":224,"column":4},"end":{"line":224,"column":40}}]},"21":{"loc":{"start":{"line":234,"column":21},"end":{"line":234,"column":44}},"type":"binary-expr","locations":[{"start":{"line":234,"column":21},"end":{"line":234,"column":44}},{"start":{"line":234,"column":48},"end":{"line":234,"column":50}}]},"22":{"loc":{"start":{"line":240,"column":8},"end":{"line":240,"column":32}},"type":"if","locations":[{"start":{"line":240,"column":8},"end":{"line":240,"column":32}},{"start":{"line":240,"column":8},"end":{"line":240,"column":32}}]},"23":{"loc":{"start":{"line":244,"column":8},"end":{"line":251,"column":null}},"type":"if","locations":[{"start":{"line":244,"column":8},"end":{"line":251,"column":null}},{"start":{"line":244,"column":8},"end":{"line":251,"column":null}}]},"24":{"loc":{"start":{"line":248,"column":10},"end":{"line":250,"column":null}},"type":"if","locations":[{"start":{"line":248,"column":10},"end":{"line":250,"column":null}},{"start":{"line":248,"column":10},"end":{"line":250,"column":null}}]},"25":{"loc":{"start":{"line":261,"column":12},"end":{"line":261,"column":25}},"type":"binary-expr","locations":[{"start":{"line":261,"column":12},"end":{"line":261,"column":25}},{"start":{"line":261,"column":29},"end":{"line":261,"column":56}}]}},"s":{"0":1,"1":1,"2":1,"3":1,"4":1,"5":1,"6":5,"7":5,"8":5,"9":5,"10":5,"11":5,"12":5,"13":5,"14":5,"15":5,"16":1,"17":6,"18":2,"19":4,"20":4,"21":1,"22":3,"23":3,"24":3,"25":2,"26":3,"27":1,"28":1,"29":1,"30":1,"31":4,"32":4,"33":4,"34":4,"35":1,"36":0,"37":0,"38":0,"39":0,"40":0,"41":0,"42":0,"43":1,"44":2,"45":2,"46":0,"47":0,"48":0,"49":2,"50":1,"51":22,"52":7,"53":7,"54":7,"55":8,"56":8,"57":8,"58":8,"59":8,"60":8,"61":0,"62":1,"63":5,"64":5,"65":3,"66":3,"67":3,"68":6,"69":6,"70":6,"71":0,"72":0,"73":6,"74":6,"75":6,"76":6,"77":6,"78":8,"79":8,"80":2,"81":2,"82":6,"83":6,"84":1,"85":5,"86":3,"87":6,"88":3,"89":3,"90":6,"91":6,"92":6,"93":6,"94":6,"95":3,"96":3,"97":6,"98":6,"99":6,"100":6,"101":6,"102":6,"103":6,"104":8,"105":8,"106":6,"107":3,"108":3,"109":6,"110":6,"111":3,"112":3,"113":6,"114":6,"115":2,"116":5,"117":1,"118":5,"119":5,"120":0,"121":5,"122":4,"123":4,"124":4,"125":4,"126":4,"127":3,"128":3,"129":3,"130":6,"131":6,"132":1,"133":1,"134":3,"135":3,"136":3,"137":1,"138":1,"139":3,"140":0,"141":3,"142":3,"143":3,"144":3,"145":3,"146":6,"147":6,"148":6,"149":6,"150":6,"151":6,"152":6,"153":8,"154":8,"155":8,"156":4,"157":4,"158":4,"159":3,"160":3,"161":3,"162":3,"163":6,"164":1,"165":1,"166":1,"167":0},"f":{"0":1,"1":5,"2":6,"3":3,"4":2,"5":1,"6":1,"7":4,"8":0,"9":2,"10":7,"11":5,"12":5,"13":3,"14":0},"b":{"0":[2,4],"1":[3,3],"2":[0,0],"3":[2,0],"4":[2,2],"5":[0,0],"6":[0,0],"7":[8,0],"8":[3,2],"9":[0,6],"10":[6,0],"11":[2,6],"12":[1,5],"13":[3,2],"14":[6,0],"15":[0,5],"16":[4,1],"17":[3,1],"18":[1,5],"19":[3,0],"20":[0,3],"21":[6,0],"22":[4,4],"23":[3,1],"24":[3,0],"25":[0,0]}}
,"C:\\workspace\\event-flux\\packages\\event-flux\\src\\BatchUpdateHost.ts": {"path":"C:\\workspace\\event-flux\\packages\\event-flux\\src\\BatchUpdateHost.ts","statementMap":{"0":{"start":{"line":3,"column":0},"end":{"line":3,"column":null}},"1":{"start":{"line":5,"column":2},"end":{"line":5,"column":20}},"2":{"start":{"line":8,"column":4},"end":{"line":8,"column":29}},"3":{"start":{"line":12,"column":2},"end":{"line":22,"column":null}},"4":{"start":{"line":12,"column":2},"end":{"line":12,"column":15}},"5":{"start":{"line":13,"column":4},"end":{"line":21,"column":null}},"6":{"start":{"line":14,"column":6},"end":{"line":14,"column":32}},"7":{"start":{"line":16,"column":6},"end":{"line":20,"column":null}},"8":{"start":{"line":17,"column":8},"end":{"line":17,"column":52}},"9":{"start":{"line":17,"column":34},"end":{"line":17,"column":51}},"10":{"start":{"line":19,"column":8},"end":{"line":19,"column":46}},"11":{"start":{"line":19,"column":25},"end":{"line":19,"column":43}},"12":{"start":{"line":24,"column":2},"end":{"line":27,"column":null}},"13":{"start":{"line":25,"column":4},"end":{"line":25,"column":27}},"14":{"start":{"line":26,"column":4},"end":{"line":26,"column":32}},"15":{"start":{"line":28,"column":0},"end":{"line":28,"column":null}}},"fnMap":{"0":{"name":"(anonymous_0)","decl":{"start":{"line":3,"column":0},"end":{"line":3,"column":null}},"loc":{"start":{"line":3,"column":0},"end":{"line":28,"column":null}}},"1":{"name":"BatchUpdateHost","decl":{"start":{"line":7,"column":2},"end":{"line":7,"column":14}},"loc":{"start":{"line":7,"column":27},"end":{"line":9,"column":3}}},"2":{"name":"(anonymous_2)","decl":{"start":{"line":12,"column":2},"end":{"line":12,"column":15}},"loc":{"start":{"line":12,"column":2},"end":{"line":22,"column":3}}},"3":{"name":"(anonymous_3)","decl":{"start":{"line":17,"column":28},"end":{"line":17,"column":34}},"loc":{"start":{"line":17,"column":28},"end":{"line":17,"column":38}}},"4":{"name":"(anonymous_4)","decl":{"start":{"line":19,"column":19},"end":{"line":19,"column":25}},"loc":{"start":{"line":19,"column":19},"end":{"line":19,"column":29}}},"5":{"name":"(anonymous_5)","decl":{"start":{"line":24,"column":2},"end":{"line":24,"column":11}},"loc":{"start":{"line":24,"column":2},"end":{"line":27,"column":3}}}},"branchMap":{"0":{"loc":{"start":{"line":13,"column":4},"end":{"line":21,"column":null}},"type":"if","locations":[{"start":{"line":13,"column":4},"end":{"line":21,"column":null}},{"start":{"line":13,"column":4},"end":{"line":21,"column":null}}]},"1":{"loc":{"start":{"line":16,"column":6},"end":{"line":20,"column":null}},"type":"if","locations":[{"start":{"line":16,"column":6},"end":{"line":20,"column":null}},{"start":{"line":16,"column":6},"end":{"line":20,"column":null}}]}},"s":{"0":2,"1":6,"2":6,"3":2,"4":6,"5":6,"6":4,"7":4,"8":0,"9":0,"10":4,"11":4,"12":2,"13":4,"14":4,"15":2},"f":{"0":2,"1":6,"2":6,"3":0,"4":4,"5":4},"b":{"0":[4,2],"1":[0,4]}}
,"C:\\workspace\\event-flux\\packages\\event-flux\\src\\RecycleStrategy.ts": {"path":"C:\\workspace\\event-flux\\packages\\event-flux\\src\\RecycleStrategy.ts","statementMap":{"0":{"start":{"line":1,"column":0},"end":{"line":1,"column":null}},"1":{"start":{"line":2,"column":2},"end":{"line":2,"column":null}},"2":{"start":{"line":3,"column":2},"end":{"line":3,"column":null}},"3":{"start":{"line":6,"column":0},"end":{"line":6,"column":31}}},"fnMap":{"0":{"name":"(anonymous_0)","decl":{"start":{"line":1,"column":0},"end":{"line":1,"column":5}},"loc":{"start":{"line":1,"column":20},"end":{"line":4,"column":1}}}},"branchMap":{"0":{"loc":{"start":{"line":1,"column":5},"end":{"line":1,"column":20}},"type":"binary-expr","locations":[{"start":{"line":1,"column":5},"end":{"line":1,"column":20}},{"start":{"line":1,"column":5},"end":{"line":1,"column":null}}]}},"s":{"0":1,"1":1,"2":1,"3":1},"f":{"0":1},"b":{"0":[1,1]}}
,"C:\\workspace\\event-flux\\packages\\event-flux\\src\\StoreBase.ts": {"path":"C:\\workspace\\event-flux\\packages\\event-flux\\src\\StoreBase.ts","statementMap":{"0":{"start":{"line":1,"column":0},"end":{"line":1,"column":85}},"1":{"start":{"line":4,"column":17},"end":{"line":4,"column":37}},"2":{"start":{"line":7,"column":2},"end":{"line":7,"column":29}},"3":{"start":{"line":6,"column":0},"end":{"line":6,"column":16}},"4":{"start":{"line":11,"column":2},"end":{"line":11,"column":29}},"5":{"start":{"line":10,"column":0},"end":{"line":10,"column":16}},"6":{"start":{"line":15,"column":2},"end":{"line":15,"column":29}},"7":{"start":{"line":14,"column":0},"end":{"line":14,"column":16}},"8":{"start":{"line":18,"column":0},"end":{"line":18,"column":21}},"9":{"start":{"line":19,"column":2},"end":{"line":19,"column":31}},"10":{"start":{"line":21,"column":2},"end":{"line":21,"column":27}},"11":{"start":{"line":22,"column":2},"end":{"line":22,"column":43}},"12":{"start":{"line":24,"column":2},"end":{"line":24,"column":24}},"13":{"start":{"line":25,"column":2},"end":{"line":25,"column":32}},"14":{"start":{"line":27,"column":2},"end":{"line":27,"column":18}},"15":{"start":{"line":28,"column":2},"end":{"line":28,"column":24}},"16":{"start":{"line":29,"column":2},"end":{"line":29,"column":20}},"17":{"start":{"line":31,"column":2},"end":{"line":31,"column":16}},"18":{"start":{"line":39,"column":4},"end":{"line":39,"column":30}},"19":{"start":{"line":40,"column":4},"end":{"line":40,"column":22}},"20":{"start":{"line":47,"column":2},"end":{"line":53,"column":null}},"21":{"start":{"line":48,"column":4},"end":{"line":52,"column":null}},"22":{"start":{"line":49,"column":6},"end":{"line":51,"column":null}},"23":{"start":{"line":50,"column":8},"end":{"line":50,"column":45}},"24":{"start":{"line":55,"column":2},"end":{"line":55,"column":null}},"25":{"start":{"line":57,"column":2},"end":{"line":57,"column":null}},"26":{"start":{"line":65,"column":2},"end":{"line":87,"column":null}},"27":{"start":{"line":67,"column":4},"end":{"line":70,"column":null}},"28":{"start":{"line":68,"column":6},"end":{"line":68,"column":41}},"29":{"start":{"line":69,"column":6},"end":{"line":69,"column":13}},"30":{"start":{"line":72,"column":20},"end":{"line":72,"column":56}},"31":{"start":{"line":73,"column":4},"end":{"line":73,"column":30}},"32":{"start":{"line":74,"column":4},"end":{"line":74,"column":49}},"33":{"start":{"line":75,"column":4},"end":{"line":75,"column":31}},"34":{"start":{"line":76,"column":4},"end":{"line":83,"column":null}},"35":{"start":{"line":77,"column":6},"end":{"line":79,"column":20}},"36":{"start":{"line":78,"column":8},"end":{"line":79,"column":9}},"37":{"start":{"line":80,"column":6},"end":{"line":80,"column":34}},"38":{"start":{"line":82,"column":6},"end":{"line":82,"column":29}},"39":{"start":{"line":86,"column":4},"end":{"line":86,"column":49}},"40":{"start":{"line":90,"column":2},"end":{"line":92,"column":null}},"41":{"start":{"line":91,"column":4},"end":{"line":91,"column":52}},"42":{"start":{"line":95,"column":2},"end":{"line":97,"column":null}},"43":{"start":{"line":96,"column":4},"end":{"line":96,"column":53}},"44":{"start":{"line":100,"column":2},"end":{"line":103,"column":null}},"45":{"start":{"line":101,"column":4},"end":{"line":101,"column":25}},"46":{"start":{"line":102,"column":4},"end":{"line":102,"column":52}},"47":{"start":{"line":105,"column":2},"end":{"line":107,"column":null}},"48":{"start":{"line":106,"column":4},"end":{"line":106,"column":32}},"49":{"start":{"line":109,"column":2},"end":{"line":112,"column":null}},"50":{"start":{"line":110,"column":4},"end":{"line":110,"column":32}},"51":{"start":{"line":111,"column":4},"end":{"line":111,"column":28}},"52":{"start":{"line":114,"column":2},"end":{"line":116,"column":null}},"53":{"start":{"line":115,"column":4},"end":{"line":115,"column":22}},"54":{"start":{"line":119,"column":2},"end":{"line":121,"column":null}},"55":{"start":{"line":120,"column":4},"end":{"line":120,"column":24}},"56":{"start":{"line":124,"column":2},"end":{"line":126,"column":null}},"57":{"start":{"line":125,"column":4},"end":{"line":125,"column":24}},"58":{"start":{"line":128,"column":2},"end":{"line":130,"column":null}},"59":{"start":{"line":129,"column":4},"end":{"line":129,"column":26}},"60":{"start":{"line":131,"column":0},"end":{"line":131,"column":null}},"61":{"start":{"line":18,"column":21},"end":{"line":18,"column":null}},"62":{"start":{"line":133,"column":1},"end":{"line":133,"column":46}},"63":{"start":{"line":134,"column":0},"end":{"line":136,"column":null}},"64":{"start":{"line":135,"column":2},"end":{"line":135,"column":48}}},"fnMap":{"0":{"name":"eventListener","decl":{"start":{"line":6,"column":16},"end":{"line":6,"column":29}},"loc":{"start":{"line":6,"column":94},"end":{"line":8,"column":1}}},"1":{"name":"reducer","decl":{"start":{"line":10,"column":16},"end":{"line":10,"column":23}},"loc":{"start":{"line":10,"column":88},"end":{"line":12,"column":1}}},"2":{"name":"returnReducer","decl":{"start":{"line":14,"column":16},"end":{"line":14,"column":29}},"loc":{"start":{"line":14,"column":94},"end":{"line":16,"column":1}}},"3":{"name":"(anonymous_4)","decl":{"start":{"line":18,"column":0},"end":{"line":18,"column":21}},"loc":{"start":{"line":18,"column":0},"end":{"line":18,"column":21}}},"4":{"name":"StoreBase","decl":{"start":{"line":38,"column":2},"end":{"line":38,"column":14}},"loc":{"start":{"line":38,"column":40},"end":{"line":41,"column":3}}},"5":{"name":"(anonymous_6)","decl":{"start":{"line":47,"column":2},"end":{"line":47,"column":9}},"loc":{"start":{"line":47,"column":60},"end":{"line":53,"column":3}}},"6":{"name":"(anonymous_7)","decl":{"start":{"line":55,"column":2},"end":{"line":55,"column":10}},"loc":{"start":{"line":55,"column":2},"end":{"line":55,"column":15}}},"7":{"name":"(anonymous_8)","decl":{"start":{"line":57,"column":2},"end":{"line":57,"column":6}},"loc":{"start":{"line":57,"column":2},"end":{"line":57,"column":11}}},"8":{"name":"(anonymous_9)","decl":{"start":{"line":65,"column":2},"end":{"line":65,"column":10}},"loc":{"start":{"line":65,"column":21},"end":{"line":87,"column":3}}},"9":{"name":"(anonymous_10)","decl":{"start":{"line":77,"column":49},"end":{"line":77,"column":50}},"loc":{"start":{"line":77,"column":65},"end":{"line":78,"column":14}}},"10":{"name":"(anonymous_11)","decl":{"start":{"line":90,"column":2},"end":{"line":90,"column":13}},"loc":{"start":{"line":90,"column":47},"end":{"line":92,"column":3}}},"11":{"name":"(anonymous_12)","decl":{"start":{"line":95,"column":2},"end":{"line":95,"column":14}},"loc":{"start":{"line":95,"column":48},"end":{"line":97,"column":3}}},"12":{"name":"(anonymous_13)","decl":{"start":{"line":100,"column":2},"end":{"line":100,"column":9}},"loc":{"start":{"line":100,"column":43},"end":{"line":103,"column":3}}},"13":{"name":"(anonymous_14)","decl":{"start":{"line":105,"column":2},"end":{"line":105,"column":15}},"loc":{"start":{"line":105,"column":36},"end":{"line":107,"column":3}}},"14":{"name":"(anonymous_15)","decl":{"start":{"line":109,"column":2},"end":{"line":109,"column":9}},"loc":{"start":{"line":109,"column":2},"end":{"line":112,"column":3}}},"15":{"name":"(anonymous_16)","decl":{"start":{"line":114,"column":2},"end":{"line":114,"column":10}},"loc":{"start":{"line":114,"column":2},"end":{"line":116,"column":3}}},"16":{"name":"(anonymous_17)","decl":{"start":{"line":119,"column":2},"end":{"line":119,"column":9}},"loc":{"start":{"line":119,"column":2},"end":{"line":121,"column":3}}},"17":{"name":"(anonymous_18)","decl":{"start":{"line":124,"column":2},"end":{"line":124,"column":14}},"loc":{"start":{"line":124,"column":2},"end":{"line":126,"column":3}}},"18":{"name":"(anonymous_19)","decl":{"start":{"line":128,"column":2},"end":{"line":128,"column":13}},"loc":{"start":{"line":128,"column":2},"end":{"line":130,"column":3}}},"19":{"name":"(anonymous_20)","decl":{"start":{"line":134,"column":20},"end":{"line":134,"column":29}},"loc":{"start":{"line":134,"column":44},"end":{"line":136,"column":1}}}},"branchMap":{"0":{"loc":{"start":{"line":48,"column":4},"end":{"line":52,"column":null}},"type":"if","locations":[{"start":{"line":48,"column":4},"end":{"line":52,"column":null}},{"start":{"line":48,"column":4},"end":{"line":52,"column":null}}]},"1":{"loc":{"start":{"line":67,"column":4},"end":{"line":70,"column":null}},"type":"if","locations":[{"start":{"line":67,"column":4},"end":{"line":70,"column":null}},{"start":{"line":67,"column":4},"end":{"line":70,"column":null}}]},"2":{"loc":{"start":{"line":76,"column":4},"end":{"line":83,"column":null}},"type":"if","locations":[{"start":{"line":76,"column":4},"end":{"line":83,"column":null}},{"start":{"line":76,"column":4},"end":{"line":83,"column":null}}]},"3":{"loc":{"start":{"line":135,"column":12},"end":{"line":135,"column":22}},"type":"binary-expr","locations":[{"start":{"line":135,"column":12},"end":{"line":135,"column":22}},{"start":{"line":135,"column":26},"end":{"line":135,"column":46}}]}},"s":{"0":4,"1":4,"2":12,"3":4,"4":0,"5":4,"6":0,"7":4,"8":4,"9":14,"10":14,"11":14,"12":14,"13":14,"14":14,"15":14,"16":14,"17":14,"18":14,"19":14,"20":4,"21":6,"22":6,"23":8,"24":4,"25":4,"26":4,"27":9,"28":2,"29":2,"30":7,"31":7,"32":7,"33":7,"34":7,"35":1,"36":2,"37":1,"38":6,"39":7,"40":8,"41":4,"42":8,"43":2,"44":8,"45":3,"46":3,"47":4,"48":1,"49":4,"50":7,"51":7,"52":4,"53":0,"54":4,"55":10,"56":4,"57":10,"58":4,"59":33,"60":4,"61":4,"62":4,"63":4,"64":0},"f":{"0":12,"1":0,"2":0,"3":4,"4":14,"5":6,"6":6,"7":6,"8":9,"9":2,"10":4,"11":2,"12":3,"13":1,"14":7,"15":0,"16":10,"17":10,"18":33,"19":0},"b":{"0":[6,0],"1":[2,7],"2":[1,6],"3":[0,0]}}
,"C:\\workspace\\event-flux\\packages\\event-flux\\src\\StoreDeclarer.ts": {"path":"C:\\workspace\\event-flux\\packages\\event-flux\\src\\StoreDeclarer.ts","statementMap":{"0":{"start":{"line":9,"column":17},"end":{"line":9,"column":30}},"1":{"start":{"line":11,"column":2},"end":{"line":11,"column":72}},"2":{"start":{"line":11,"column":16},"end":{"line":11,"column":72}},"3":{"start":{"line":12,"column":2},"end":{"line":17,"column":null}},"4":{"start":{"line":13,"column":20},"end":{"line":13,"column":35}},"5":{"start":{"line":14,"column":17},"end":{"line":14,"column":41}},"6":{"start":{"line":15,"column":19},"end":{"line":15,"column":49}},"7":{"start":{"line":16,"column":4},"end":{"line":16,"column":69}},"8":{"start":{"line":18,"column":2},"end":{"line":20,"column":null}},"9":{"start":{"line":19,"column":4},"end":{"line":19,"column":50}},"10":{"start":{"line":21,"column":2},"end":{"line":21,"column":17}},"11":{"start":{"line":25,"column":2},"end":{"line":30,"column":null}},"12":{"start":{"line":26,"column":4},"end":{"line":26,"column":60}},"13":{"start":{"line":28,"column":4},"end":{"line":28,"column":66}},"14":{"start":{"line":29,"column":4},"end":{"line":29,"column":23}},"15":{"start":{"line":31,"column":2},"end":{"line":31,"column":46}},"16":{"start":{"line":45,"column":17},"end":{"line":45,"column":37}},"17":{"start":{"line":46,"column":0},"end":{"line":46,"column":null}},"18":{"start":{"line":58,"column":2},"end":{"line":58,"column":20}},"19":{"start":{"line":52,"column":4},"end":{"line":52,"column":23}},"20":{"start":{"line":53,"column":8},"end":{"line":53,"column":9}},"21":{"start":{"line":53,"column":9},"end":{"line":53,"column":14}},"22":{"start":{"line":53,"column":16},"end":{"line":53,"column":75}},"23":{"start":{"line":54,"column":4},"end":{"line":54,"column":31}},"24":{"start":{"line":55,"column":4},"end":{"line":55,"column":32}},"25":{"start":{"line":60,"column":9},"end":{"line":62,"column":null}},"26":{"start":{"line":61,"column":4},"end":{"line":61,"column":50}},"27":{"start":{"line":63,"column":0},"end":{"line":63,"column":null}},"28":{"start":{"line":136,"column":2},"end":{"line":136,"column":15}},"29":{"start":{"line":58,"column":3},"end":{"line":58,"column":12}},"30":{"start":{"line":66,"column":2},"end":{"line":66,"column":58}},"31":{"start":{"line":137,"column":2},"end":{"line":137,"column":14}},"32":{"start":{"line":75,"column":22},"end":{"line":75,"column":42}},"33":{"start":{"line":77,"column":0},"end":{"line":77,"column":null}},"34":{"start":{"line":89,"column":2},"end":{"line":89,"column":25}},"35":{"start":{"line":83,"column":4},"end":{"line":83,"column":23}},"36":{"start":{"line":84,"column":8},"end":{"line":84,"column":9}},"37":{"start":{"line":84,"column":9},"end":{"line":84,"column":14}},"38":{"start":{"line":84,"column":16},"end":{"line":84,"column":75}},"39":{"start":{"line":85,"column":4},"end":{"line":85,"column":31}},"40":{"start":{"line":86,"column":4},"end":{"line":86,"column":32}},"41":{"start":{"line":91,"column":9},"end":{"line":93,"column":null}},"42":{"start":{"line":92,"column":4},"end":{"line":92,"column":53}},"43":{"start":{"line":94,"column":0},"end":{"line":94,"column":null}},"44":{"start":{"line":136,"column":17},"end":{"line":136,"column":34}},"45":{"start":{"line":89,"column":3},"end":{"line":89,"column":17}},"46":{"start":{"line":97,"column":2},"end":{"line":97,"column":62}},"47":{"start":{"line":137,"column":16},"end":{"line":137,"column":32}},"48":{"start":{"line":110,"column":21},"end":{"line":110,"column":40}},"49":{"start":{"line":112,"column":0},"end":{"line":112,"column":null}},"50":{"start":{"line":124,"column":2},"end":{"line":124,"column":24}},"51":{"start":{"line":118,"column":4},"end":{"line":118,"column":23}},"52":{"start":{"line":119,"column":8},"end":{"line":119,"column":9}},"53":{"start":{"line":119,"column":9},"end":{"line":119,"column":14}},"54":{"start":{"line":119,"column":16},"end":{"line":119,"column":75}},"55":{"start":{"line":120,"column":4},"end":{"line":120,"column":31}},"56":{"start":{"line":121,"column":4},"end":{"line":121,"column":32}},"57":{"start":{"line":126,"column":9},"end":{"line":128,"column":null}},"58":{"start":{"line":127,"column":4},"end":{"line":127,"column":50}},"59":{"start":{"line":129,"column":0},"end":{"line":129,"column":null}},"60":{"start":{"line":136,"column":36},"end":{"line":136,"column":52}},"61":{"start":{"line":124,"column":3},"end":{"line":124,"column":16}},"62":{"start":{"line":132,"column":2},"end":{"line":132,"column":61}},"63":{"start":{"line":137,"column":34},"end":{"line":137,"column":49}}},"fnMap":{"0":{"name":"genDefaultStoreKey","decl":{"start":{"line":10,"column":9},"end":{"line":10,"column":27}},"loc":{"start":{"line":10,"column":103},"end":{"line":22,"column":1}}},"1":{"name":"parseOptions","decl":{"start":{"line":24,"column":9},"end":{"line":24,"column":21}},"loc":{"start":{"line":24,"column":128},"end":{"line":32,"column":1}}},"2":{"name":"(anonymous_3)","decl":{"start":{"line":46,"column":0},"end":{"line":46,"column":null}},"loc":{"start":{"line":46,"column":0},"end":{"line":63,"column":null}}},"3":{"name":"StoreDeclarer","decl":{"start":{"line":51,"column":2},"end":{"line":51,"column":14}},"loc":{"start":{"line":51,"column":125},"end":{"line":56,"column":3}}},"4":{"name":"(anonymous_5)","decl":{"start":{"line":60,"column":2},"end":{"line":60,"column":9}},"loc":{"start":{"line":60,"column":32},"end":{"line":62,"column":3}}},"5":{"name":"declareStore","decl":{"start":{"line":65,"column":9},"end":{"line":65,"column":21}},"loc":{"start":{"line":65,"column":136},"end":{"line":67,"column":1}}},"6":{"name":"(anonymous_7)","decl":{"start":{"line":77,"column":0},"end":{"line":77,"column":null}},"loc":{"start":{"line":77,"column":0},"end":{"line":94,"column":null}}},"7":{"name":"StoreListDeclarer","decl":{"start":{"line":82,"column":2},"end":{"line":82,"column":14}},"loc":{"start":{"line":82,"column":133},"end":{"line":87,"column":3}}},"8":{"name":"(anonymous_9)","decl":{"start":{"line":91,"column":2},"end":{"line":91,"column":9}},"loc":{"start":{"line":91,"column":35},"end":{"line":93,"column":3}}},"9":{"name":"declareStoreList","decl":{"start":{"line":96,"column":9},"end":{"line":96,"column":25}},"loc":{"start":{"line":96,"column":148},"end":{"line":98,"column":1}}},"10":{"name":"(anonymous_11)","decl":{"start":{"line":112,"column":0},"end":{"line":112,"column":null}},"loc":{"start":{"line":112,"column":0},"end":{"line":129,"column":null}}},"11":{"name":"StoreMapDeclarer","decl":{"start":{"line":117,"column":2},"end":{"line":117,"column":14}},"loc":{"start":{"line":117,"column":131},"end":{"line":122,"column":3}}},"12":{"name":"(anonymous_13)","decl":{"start":{"line":126,"column":2},"end":{"line":126,"column":9}},"loc":{"start":{"line":126,"column":33},"end":{"line":128,"column":3}}},"13":{"name":"declareStoreMap","decl":{"start":{"line":131,"column":9},"end":{"line":131,"column":24}},"loc":{"start":{"line":131,"column":145},"end":{"line":133,"column":1}}}},"branchMap":{"0":{"loc":{"start":{"line":11,"column":2},"end":{"line":11,"column":72}},"type":"if","locations":[{"start":{"line":11,"column":2},"end":{"line":11,"column":72}},{"start":{"line":11,"column":2},"end":{"line":11,"column":72}}]},"1":{"loc":{"start":{"line":12,"column":2},"end":{"line":17,"column":null}},"type":"if","locations":[{"start":{"line":12,"column":2},"end":{"line":17,"column":null}},{"start":{"line":12,"column":2},"end":{"line":17,"column":null}}]},"2":{"loc":{"start":{"line":15,"column":28},"end":{"line":15,"column":37}},"type":"cond-expr","locations":[{"start":{"line":15,"column":28},"end":{"line":15,"column":37}},{"start":{"line":15,"column":40},"end":{"line":15,"column":49}}]},"3":{"loc":{"start":{"line":18,"column":2},"end":{"line":20,"column":null}},"type":"if","locations":[{"start":{"line":18,"column":2},"end":{"line":20,"column":null}},{"start":{"line":18,"column":2},"end":{"line":20,"column":null}}]},"4":{"loc":{"start":{"line":25,"column":2},"end":{"line":30,"column":null}},"type":"if","locations":[{"start":{"line":25,"column":2},"end":{"line":30,"column":null}},{"start":{"line":25,"column":2},"end":{"line":30,"column":null}}]},"5":{"loc":{"start":{"line":61,"column":14},"end":{"line":61,"column":24}},"type":"binary-expr","locations":[{"start":{"line":61,"column":14},"end":{"line":61,"column":24}},{"start":{"line":61,"column":28},"end":{"line":61,"column":48}}]},"6":{"loc":{"start":{"line":92,"column":14},"end":{"line":92,"column":23}},"type":"binary-expr","locations":[{"start":{"line":92,"column":14},"end":{"line":92,"column":23}},{"start":{"line":92,"column":27},"end":{"line":92,"column":51}}]},"7":{"loc":{"start":{"line":127,"column":14},"end":{"line":127,"column":22}},"type":"binary-expr","locations":[{"start":{"line":127,"column":14},"end":{"line":127,"column":22}},{"start":{"line":127,"column":26},"end":{"line":127,"column":48}}]}},"s":{"0":3,"1":22,"2":20,"3":22,"4":22,"5":22,"6":22,"7":22,"8":22,"9":22,"10":22,"11":22,"12":16,"13":6,"14":6,"15":22,"16":3,"17":3,"18":22,"19":22,"20":22,"21":22,"22":22,"23":22,"24":22,"25":3,"26":0,"27":3,"28":3,"29":3,"30":22,"31":3,"32":3,"33":3,"34":0,"35":0,"36":0,"37":0,"38":0,"39":0,"40":0,"41":3,"42":0,"43":3,"44":3,"45":3,"46":0,"47":3,"48":3,"49":3,"50":0,"51":0,"52":0,"53":0,"54":0,"55":0,"56":0,"57":3,"58":0,"59":3,"60":3,"61":3,"62":0,"63":3},"f":{"0":22,"1":22,"2":3,"3":22,"4":0,"5":22,"6":3,"7":0,"8":0,"9":0,"10":3,"11":0,"12":0,"13":0},"b":{"0":[20,2],"1":[22,0],"2":[9,13],"3":[22,0],"4":[16,6],"5":[0,0],"6":[0,0],"7":[0,0]}}
,"C:\\workspace\\event-flux\\packages\\event-flux\\src\\searchCycleCollection.ts": {"path":"C:\\workspace\\event-flux\\packages\\event-flux\\src\\searchCycleCollection.ts","statementMap":{"0":{"start":{"line":21,"column":2},"end":{"line":21,"column":34}},"1":{"start":{"line":21,"column":27},"end":{"line":21,"column":34}},"2":{"start":{"line":23,"column":2},"end":{"line":23,"column":31}},"3":{"start":{"line":24,"column":2},"end":{"line":24,"column":32}},"4":{"start":{"line":25,"column":2},"end":{"line":25,"column":30}},"5":{"start":{"line":27,"column":17},"end":{"line":27,"column":55}},"6":{"start":{"line":29,"column":2},"end":{"line":42,"column":null}},"7":{"start":{"line":29,"column":22},"end":{"line":29,"column":32}},"8":{"start":{"line":29,"column":30},"end":{"line":29,"column":32}},"9":{"start":{"line":29,"column":18},"end":{"line":29,"column":22}},"10":{"start":{"line":31,"column":4},"end":{"line":39,"column":null}},"11":{"start":{"line":32,"column":20},"end":{"line":32,"column":51}},"12":{"start":{"line":33,"column":19},"end":{"line":33,"column":55}},"13":{"start":{"line":34,"column":21},"end":{"line":34,"column":37}},"14":{"start":{"line":35,"column":6},"end":{"line":37,"column":null}},"15":{"start":{"line":36,"column":8},"end":{"line":36,"column":57}},"16":{"start":{"line":38,"column":6},"end":{"line":38,"column":15}},"17":{"start":{"line":40,"column":4},"end":{"line":40,"column":39}},"18":{"start":{"line":40,"column":30},"end":{"line":40,"column":39}},"19":{"start":{"line":41,"column":4},"end":{"line":41,"column":98}},"20":{"start":{"line":44,"column":2},"end":{"line":44,"column":23}},"21":{"start":{"line":45,"column":2},"end":{"line":45,"column":33}},"22":{"start":{"line":46,"column":2},"end":{"line":46,"column":32}},"23":{"start":{"line":50,"column":53},"end":{"line":50,"column":55}},"24":{"start":{"line":51,"column":2},"end":{"line":53,"column":null}},"25":{"start":{"line":52,"column":4},"end":{"line":52,"column":34}},"26":{"start":{"line":55,"column":53},"end":{"line":55,"column":55}},"27":{"start":{"line":56,"column":2},"end":{"line":60,"column":null}},"28":{"start":{"line":57,"column":4},"end":{"line":59,"column":null}},"29":{"start":{"line":58,"column":6},"end":{"line":58,"column":93}},"30":{"start":{"line":61,"column":2},"end":{"line":61,"column":37}},"31":{"start":{"line":49,"column":0},"end":{"line":49,"column":24}}},"fnMap":{"0":{"name":"depthSearchStore","decl":{"start":{"line":12,"column":9},"end":{"line":12,"column":25}},"loc":{"start":{"line":18,"column":46},"end":{"line":47,"column":1}}},"1":{"name":"searchCycleCollection","decl":{"start":{"line":49,"column":24},"end":{"line":49,"column":45}},"loc":{"start":{"line":49,"column":72},"end":{"line":62,"column":1}}}},"branchMap":{"0":{"loc":{"start":{"line":21,"column":2},"end":{"line":21,"column":34}},"type":"if","locations":[{"start":{"line":21,"column":2},"end":{"line":21,"column":34}},{"start":{"line":21,"column":2},"end":{"line":21,"column":34}}]},"1":{"loc":{"start":{"line":27,"column":17},"end":{"line":27,"column":49}},"type":"binary-expr","locations":[{"start":{"line":27,"column":17},"end":{"line":27,"column":49}},{"start":{"line":27,"column":53},"end":{"line":27,"column":55}}]},"2":{"loc":{"start":{"line":31,"column":4},"end":{"line":39,"column":null}},"type":"if","locations":[{"start":{"line":31,"column":4},"end":{"line":39,"column":null}},{"start":{"line":31,"column":4},"end":{"line":39,"column":null}}]},"3":{"loc":{"start":{"line":35,"column":6},"end":{"line":37,"column":null}},"type":"if","locations":[{"start":{"line":35,"column":6},"end":{"line":37,"column":null}},{"start":{"line":35,"column":6},"end":{"line":37,"column":null}}]},"4":{"loc":{"start":{"line":40,"column":4},"end":{"line":40,"column":39}},"type":"if","locations":[{"start":{"line":40,"column":4},"end":{"line":40,"column":39}},{"start":{"line":40,"column":4},"end":{"line":40,"column":39}}]},"5":{"loc":{"start":{"line":57,"column":4},"end":{"line":59,"column":null}},"type":"if","locations":[{"start":{"line":57,"column":4},"end":{"line":59,"column":null}},{"start":{"line":57,"column":4},"end":{"line":59,"column":null}}]}},"s":{"0":86,"1":4,"2":82,"3":82,"4":82,"5":82,"6":82,"7":82,"8":82,"9":128,"10":128,"11":60,"12":60,"13":60,"14":60,"15":12,"16":60,"17":68,"18":0,"19":68,"20":82,"21":82,"22":82,"23":7,"24":7,"25":18,"26":7,"27":7,"28":18,"29":18,"30":7,"31":2},"f":{"0":86,"1":7},"b":{"0":[4,82],"1":[82,0],"2":[60,68],"3":[12,48],"4":[0,68],"5":[18,0]}}
}
