TN:
SF:C:\workspace\event-flux\packages\event-flux\src\BatchUpdateHost.ts
FN:1,(anonymous_0)
FN:5,BatchUpdateHost
FN:10,(anonymous_2)
FN:14,(anonymous_3)
FN:18,(anonymous_4)
FNF:5
FNH:5
FNDA:1,(anonymous_0)
FNDA:1,BatchUpdateHost
FNDA:2,(anonymous_2)
FNDA:1,(anonymous_3)
FNDA:1,(anonymous_4)
DA:1,1
DA:3,1
DA:6,1
DA:10,2
DA:11,2
DA:12,1
DA:14,1
DA:18,1
DA:19,1
DA:20,1
DA:22,1
LF:11
LH:11
BRDA:11,0,0,1
BRDA:11,0,1,1
BRF:2
BRH:2
end_of_record
TN:
SF:C:\workspace\event-flux\packages\event-flux\src\RecycleStrategy.ts
FN:1,(anonymous_0)
FNF:1
FNH:1
FNDA:1,(anonymous_0)
DA:1,1
DA:2,1
DA:3,1
DA:6,1
LF:4
LH:4
BRDA:1,0,0,1
BRDA:1,0,1,1
BRF:2
BRH:2
end_of_record
TN:
SF:C:\workspace\event-flux\packages\event-flux\src\StoreBase.ts
FN:7,eventListener
FN:11,reducer
FN:15,returnReducer
FN:19,(anonymous_4)
FN:39,StoreBase
FN:49,(anonymous_6)
FN:51,(anonymous_7)
FN:59,(anonymous_8)
FN:71,(anonymous_9)
FN:84,(anonymous_10)
FN:89,(anonymous_11)
FN:94,(anonymous_12)
FN:99,(anonymous_13)
FN:103,(anonymous_14)
FN:108,(anonymous_15)
FN:113,(anonymous_16)
FN:118,(anonymous_17)
FN:128,(anonymous_18)
FNF:18
FNH:12
FNDA:3,eventListener
FNDA:0,reducer
FNDA:0,returnReducer
FNDA:1,(anonymous_4)
FNDA:6,StoreBase
FNDA:0,(anonymous_6)
FNDA:0,(anonymous_7)
FNDA:7,(anonymous_8)
FNDA:2,(anonymous_9)
FNDA:4,(anonymous_10)
FNDA:2,(anonymous_11)
FNDA:1,(anonymous_12)
FNDA:1,(anonymous_13)
FNDA:2,(anonymous_14)
FNDA:0,(anonymous_15)
FNDA:1,(anonymous_16)
FNDA:1,(anonymous_17)
FNDA:0,(anonymous_18)
DA:1,1
DA:3,1
DA:5,1
DA:7,1
DA:8,3
DA:11,1
DA:12,0
DA:15,1
DA:16,0
DA:19,1
DA:20,6
DA:22,6
DA:23,6
DA:25,6
DA:26,6
DA:28,6
DA:29,6
DA:30,6
DA:32,6
DA:40,6
DA:41,6
DA:42,2
DA:43,0
DA:46,6
DA:49,1
DA:51,1
DA:59,1
DA:61,7
DA:62,2
DA:63,2
DA:66,5
DA:67,5
DA:68,5
DA:69,5
DA:70,5
DA:71,1
DA:72,2
DA:74,1
DA:76,4
DA:80,5
DA:84,2
DA:85,4
DA:89,2
DA:90,2
DA:94,2
DA:95,1
DA:96,1
DA:99,1
DA:100,1
DA:103,1
DA:104,2
DA:105,2
DA:108,1
DA:109,0
DA:113,1
DA:114,1
DA:118,1
DA:119,1
DA:120,1
DA:121,1
DA:122,1
DA:125,1
DA:127,1
DA:128,1
DA:129,0
LF:65
LH:60
BRDA:41,0,0,2
BRDA:41,0,1,4
BRDA:61,1,0,2
BRDA:61,1,1,5
BRDA:70,2,0,1
BRDA:70,2,1,4
BRDA:120,3,0,1
BRDA:120,3,1,0
BRDA:120,4,0,1
BRDA:120,4,1,1
BRDA:129,5,0,0
BRDA:129,5,1,0
BRF:12
BRH:9
end_of_record
