TN:
SF:C:\workspace\event-flux\packages\event-flux\src\AppStore.ts
FN:10,(anonymous_4)
FN:38,AppStore
FN:31,(anonymous_6)
FN:46,(anonymous_7)
FN:55,(anonymous_8)
FN:57,(anonymous_9)
FN:61,(anonymous_10)
FN:64,(anonymous_11)
FN:68,(anonymous_12)
FN:74,(anonymous_13)
FN:90,(anonymous_14)
FN:109,(anonymous_15)
FN:184,(anonymous_16)
FN:191,(anonymous_17)
FN:197,(anonymous_18)
FNF:15
FNH:8
FNDA:1,(anonymous_4)
FNDA:2,AppStore
FNDA:0,(anonymous_6)
FNDA:6,(anonymous_7)
FNDA:3,(anonymous_8)
FNDA:2,(anonymous_9)
FNDA:1,(anonymous_10)
FNDA:1,(anonymous_11)
FNDA:2,(anonymous_12)
FNDA:0,(anonymous_13)
FNDA:0,(anonymous_14)
FNDA:0,(anonymous_15)
FNDA:0,(anonymous_16)
FNDA:0,(anonymous_17)
FNDA:0,(anonymous_18)
DA:1,1
DA:2,1
DA:4,1
DA:6,1
DA:10,1
DA:11,2
DA:12,2
DA:15,2
DA:16,2
DA:17,2
DA:19,2
DA:20,2
DA:22,2
DA:23,2
DA:31,1
DA:32,0
DA:33,0
DA:35,0
DA:39,2
DA:46,1
DA:47,6
DA:48,2
DA:50,4
DA:51,4
DA:55,3
DA:56,3
DA:57,3
DA:58,3
DA:61,1
DA:64,1
DA:65,1
DA:68,1
DA:69,2
DA:70,2
DA:71,2
DA:74,1
DA:75,0
DA:76,0
DA:77,0
DA:78,0
DA:79,0
DA:80,0
DA:83,0
DA:90,1
DA:91,0
DA:92,0
DA:93,0
DA:95,0
DA:96,0
DA:97,0
DA:99,0
DA:109,1
DA:110,0
DA:111,0
DA:113,0
DA:114,0
DA:115,0
DA:117,0
DA:118,0
DA:119,0
DA:120,0
DA:122,0
DA:124,0
DA:125,0
DA:126,0
DA:130,0
DA:132,0
DA:133,0
DA:134,0
DA:138,0
DA:143,0
DA:144,0
DA:145,0
DA:146,0
DA:147,0
DA:148,0
DA:152,0
DA:153,0
DA:154,0
DA:155,0
DA:156,0
DA:157,0
DA:158,0
DA:160,0
DA:164,0
DA:165,0
DA:166,0
DA:170,0
DA:171,0
DA:172,0
DA:175,0
DA:177,0
DA:184,1
DA:185,0
DA:186,0
DA:187,0
DA:188,0
DA:189,0
DA:190,0
DA:191,0
DA:194,1
DA:196,1
DA:197,1
DA:198,0
LF:104
LH:39
BRDA:32,0,0,0
BRDA:32,0,1,0
BRDA:47,1,0,2
BRDA:47,1,1,4
BRDA:56,2,0,3
BRDA:56,2,1,3
BRDA:79,3,0,0
BRDA:79,3,1,0
BRDA:96,4,0,0
BRDA:96,4,1,0
BRDA:111,5,0,0
BRDA:111,5,1,0
BRDA:118,6,0,0
BRDA:118,6,1,0
BRDA:122,7,0,0
BRDA:122,7,1,0
BRDA:130,8,0,0
BRDA:130,8,1,0
BRDA:133,9,0,0
BRDA:133,9,1,0
BRDA:155,10,0,0
BRDA:155,10,1,0
BRDA:186,11,0,0
BRDA:186,11,1,0
BRDA:188,12,0,0
BRDA:188,12,1,0
BRDA:188,13,0,0
BRDA:188,13,1,0
BRDA:191,14,0,0
BRDA:191,14,1,0
BRDA:198,15,0,0
BRDA:198,15,1,0
BRF:32
BRH:4
end_of_record
TN:
SF:C:\workspace\event-flux\packages\event-flux\src\BatchUpdateHost.ts
FN:3,(anonymous_0)
FN:7,BatchUpdateHost
FN:12,(anonymous_2)
FN:17,(anonymous_3)
FN:19,(anonymous_4)
FN:24,(anonymous_5)
FNF:6
FNH:5
FNDA:2,(anonymous_0)
FNDA:3,BatchUpdateHost
FNDA:6,(anonymous_2)
FNDA:0,(anonymous_3)
FNDA:4,(anonymous_4)
FNDA:4,(anonymous_5)
DA:3,2
DA:5,3
DA:8,3
DA:12,6
DA:13,6
DA:14,4
DA:16,4
DA:17,0
DA:19,4
DA:24,2
DA:25,4
DA:26,4
DA:28,2
LF:13
LH:12
BRDA:13,0,0,4
BRDA:13,0,1,2
BRDA:16,1,0,0
BRDA:16,1,1,4
BRF:4
BRH:3
end_of_record
TN:
SF:C:\workspace\event-flux\packages\event-flux\src\RecycleStrategy.ts
FN:1,(anonymous_0)
FNF:1
FNH:1
FNDA:1,(anonymous_0)
DA:1,1
DA:2,1
DA:3,1
DA:6,1
LF:4
LH:4
BRDA:1,0,0,1
BRDA:1,0,1,1
BRF:2
BRH:2
end_of_record
TN:
SF:C:\workspace\event-flux\packages\event-flux\src\StoreBase.ts
FN:6,eventListener
FN:10,reducer
FN:14,returnReducer
FN:18,(anonymous_4)
FN:38,StoreBase
FN:47,(anonymous_6)
FN:55,(anonymous_7)
FN:57,(anonymous_8)
FN:65,(anonymous_9)
FN:77,(anonymous_10)
FN:90,(anonymous_11)
FN:95,(anonymous_12)
FN:100,(anonymous_13)
FN:105,(anonymous_14)
FN:109,(anonymous_15)
FN:114,(anonymous_16)
FN:119,(anonymous_17)
FN:124,(anonymous_18)
FN:128,(anonymous_19)
FN:134,(anonymous_20)
FNF:20
FNH:13
FNDA:9,eventListener
FNDA:0,reducer
FNDA:0,returnReducer
FNDA:3,(anonymous_4)
FNDA:8,StoreBase
FNDA:0,(anonymous_6)
FNDA:0,(anonymous_7)
FNDA:0,(anonymous_8)
FNDA:9,(anonymous_9)
FNDA:2,(anonymous_10)
FNDA:4,(anonymous_11)
FNDA:2,(anonymous_12)
FNDA:3,(anonymous_13)
FNDA:1,(anonymous_14)
FNDA:1,(anonymous_15)
FNDA:0,(anonymous_16)
FNDA:1,(anonymous_17)
FNDA:1,(anonymous_18)
FNDA:1,(anonymous_19)
FNDA:0,(anonymous_20)
DA:1,3
DA:4,3
DA:6,3
DA:7,9
DA:10,3
DA:11,0
DA:14,3
DA:15,0
DA:18,3
DA:19,8
DA:21,8
DA:22,8
DA:24,8
DA:25,8
DA:27,8
DA:28,8
DA:29,8
DA:31,8
DA:39,8
DA:40,8
DA:47,3
DA:48,0
DA:49,0
DA:50,0
DA:55,3
DA:57,3
DA:65,3
DA:67,9
DA:68,2
DA:69,2
DA:72,7
DA:73,7
DA:74,7
DA:75,7
DA:76,7
DA:77,1
DA:78,2
DA:80,1
DA:82,6
DA:86,7
DA:90,6
DA:91,4
DA:95,6
DA:96,2
DA:100,6
DA:101,3
DA:102,3
DA:105,3
DA:106,1
DA:109,3
DA:110,1
DA:111,1
DA:114,3
DA:115,0
DA:119,3
DA:120,1
DA:124,3
DA:125,1
DA:128,3
DA:129,1
DA:131,3
DA:133,3
DA:134,3
DA:135,0
LF:64
LH:57
BRDA:48,0,0,0
BRDA:48,0,1,0
BRDA:67,1,0,2
BRDA:67,1,1,7
BRDA:76,2,0,1
BRDA:76,2,1,6
BRDA:135,3,0,0
BRDA:135,3,1,0
BRF:8
BRH:4
end_of_record
TN:
SF:C:\workspace\event-flux\packages\event-flux\src\StoreDeclarer.ts
FN:10,genDefaultStoreKey
FN:24,parseOptions
FN:46,(anonymous_3)
FN:51,StoreDeclarer
FN:60,(anonymous_5)
FN:65,declareStore
FN:77,(anonymous_7)
FN:82,StoreListDeclarer
FN:91,(anonymous_9)
FN:96,declareStoreList
FN:112,(anonymous_11)
FN:117,StoreMapDeclarer
FN:126,(anonymous_13)
FN:131,declareStoreMap
FNF:14
FNH:7
FNDA:2,genDefaultStoreKey
FNDA:2,parseOptions
FNDA:1,(anonymous_3)
FNDA:2,StoreDeclarer
FNDA:0,(anonymous_5)
FNDA:2,declareStore
FNDA:1,(anonymous_7)
FNDA:0,StoreListDeclarer
FNDA:0,(anonymous_9)
FNDA:0,declareStoreList
FNDA:1,(anonymous_11)
FNDA:0,StoreMapDeclarer
FNDA:0,(anonymous_13)
FNDA:0,declareStoreMap
DA:9,1
DA:11,2
DA:12,2
DA:13,2
DA:14,2
DA:15,2
DA:16,2
DA:18,2
DA:19,2
DA:21,2
DA:25,2
DA:26,1
DA:28,1
DA:29,1
DA:31,2
DA:45,1
DA:46,1
DA:52,2
DA:53,2
DA:54,2
DA:55,2
DA:58,2
DA:60,1
DA:61,0
DA:63,1
DA:66,2
DA:75,1
DA:77,1
DA:83,0
DA:84,0
DA:85,0
DA:86,0
DA:89,1
DA:91,1
DA:92,0
DA:94,1
DA:97,0
DA:110,1
DA:112,1
DA:118,0
DA:119,0
DA:120,0
DA:121,0
DA:124,1
DA:126,1
DA:127,0
DA:129,1
DA:132,0
DA:136,1
DA:137,1
LF:50
LH:37
BRDA:11,0,0,0
BRDA:11,0,1,2
BRDA:12,1,0,2
BRDA:12,1,1,0
BRDA:15,2,0,2
BRDA:15,2,1,0
BRDA:18,3,0,2
BRDA:18,3,1,0
BRDA:25,4,0,1
BRDA:25,4,1,1
BRDA:61,5,0,0
BRDA:61,5,1,0
BRDA:92,6,0,0
BRDA:92,6,1,0
BRDA:127,7,0,0
BRDA:127,7,1,0
BRF:16
BRH:6
end_of_record
